2023-01-07 12:51:21.945210: I tensorflow/core/platform/cpu_feature_guard.cc:151] This TensorFlow binary is optimized with oneAPI Deep Neural Network Library (oneDNN) to use the following CPU instructions in performance-critical operations:  SSE4.1 SSE4.2 AVX AVX2 AVX512F FMA
To enable them in other operations, rebuild TensorFlow with the appropriate compiler flags.
2023-01-07 12:51:22.828622: I tensorflow/core/common_runtime/gpu/gpu_device.cc:1525] Created device /job:localhost/replica:0/task:0/device:GPU:0 with 30965 MB memory:  -> device: 0, name: Tesla V100-PCIE-32GB, pci bus id: 0000:3b:00.0, compute capability: 7.0
2023-01-07 12:51:24.647113: I tensorflow/stream_executor/cuda/cuda_dnn.cc:366] Loaded cuDNN version 8201
2023-01-07 12:52:23.298187: W tensorflow/python/util/util.cc:368] Sets are not currently considered sequences, but this may change in the future, so consider avoiding using them.
Epoch 1/250
4487/4487 - 61s - loss: 7.5688 - mse: 7.5688 - val_loss: 22.1091 - val_mse: 22.1091 - 61s/epoch - 14ms/step
Epoch 2/250
4487/4487 - 35s - loss: 5.1595 - mse: 5.1595 - val_loss: 12.7333 - val_mse: 12.7333 - 35s/epoch - 8ms/step
Epoch 3/250
4487/4487 - 36s - loss: 4.8022 - mse: 4.8022 - val_loss: 12.1966 - val_mse: 12.1966 - 36s/epoch - 8ms/step
Epoch 4/250
4487/4487 - 34s - loss: 4.7471 - mse: 4.7471 - val_loss: 12.5106 - val_mse: 12.5106 - 34s/epoch - 8ms/step
Epoch 5/250
4487/4487 - 35s - loss: 4.6753 - mse: 4.6753 - val_loss: 13.4876 - val_mse: 13.4876 - 35s/epoch - 8ms/step
Epoch 6/250
4487/4487 - 34s - loss: 4.6252 - mse: 4.6252 - val_loss: 12.5261 - val_mse: 12.5261 - 34s/epoch - 8ms/step
Epoch 7/250
4487/4487 - 35s - loss: 4.5871 - mse: 4.5871 - val_loss: 15.5322 - val_mse: 15.5322 - 35s/epoch - 8ms/step
Epoch 8/250
4487/4487 - 35s - loss: 4.5405 - mse: 4.5405 - val_loss: 13.0392 - val_mse: 13.0392 - 35s/epoch - 8ms/step
Epoch 9/250
4487/4487 - 34s - loss: 4.5571 - mse: 4.5571 - val_loss: 15.9459 - val_mse: 15.9459 - 34s/epoch - 8ms/step
Epoch 10/250
4487/4487 - 34s - loss: 4.5181 - mse: 4.5181 - val_loss: 12.2610 - val_mse: 12.2610 - 34s/epoch - 8ms/step
Epoch 11/250
4487/4487 - 35s - loss: 4.5026 - mse: 4.5026 - val_loss: 13.0183 - val_mse: 13.0183 - 35s/epoch - 8ms/step
Epoch 12/250
4487/4487 - 36s - loss: 4.4578 - mse: 4.4578 - val_loss: 11.9410 - val_mse: 11.9410 - 36s/epoch - 8ms/step
Epoch 13/250
4487/4487 - 34s - loss: 4.5171 - mse: 4.5171 - val_loss: 14.4516 - val_mse: 14.4516 - 34s/epoch - 8ms/step
Epoch 14/250
4487/4487 - 34s - loss: 4.4622 - mse: 4.4622 - val_loss: 13.0679 - val_mse: 13.0679 - 34s/epoch - 8ms/step
Epoch 15/250
4487/4487 - 34s - loss: 4.4588 - mse: 4.4588 - val_loss: 13.1919 - val_mse: 13.1919 - 34s/epoch - 8ms/step
Epoch 16/250
4487/4487 - 35s - loss: 4.4669 - mse: 4.4669 - val_loss: 15.7687 - val_mse: 15.7687 - 35s/epoch - 8ms/step
Epoch 17/250
4487/4487 - 34s - loss: 4.4319 - mse: 4.4319 - val_loss: 12.5928 - val_mse: 12.5928 - 34s/epoch - 8ms/step
Epoch 18/250
4487/4487 - 35s - loss: 4.4279 - mse: 4.4279 - val_loss: 12.1569 - val_mse: 12.1569 - 35s/epoch - 8ms/step
Epoch 19/250
4487/4487 - 35s - loss: 4.3902 - mse: 4.3902 - val_loss: 12.3743 - val_mse: 12.3743 - 35s/epoch - 8ms/step
Epoch 20/250
4487/4487 - 35s - loss: 4.3946 - mse: 4.3946 - val_loss: 11.7791 - val_mse: 11.7791 - 35s/epoch - 8ms/step
Epoch 21/250
4487/4487 - 35s - loss: 4.3920 - mse: 4.3920 - val_loss: 12.4462 - val_mse: 12.4462 - 35s/epoch - 8ms/step
Epoch 22/250
4487/4487 - 34s - loss: 4.3884 - mse: 4.3884 - val_loss: 13.6079 - val_mse: 13.6079 - 34s/epoch - 8ms/step
Epoch 23/250
4487/4487 - 35s - loss: 4.3723 - mse: 4.3723 - val_loss: 11.5088 - val_mse: 11.5088 - 35s/epoch - 8ms/step
Epoch 24/250
4487/4487 - 35s - loss: 4.3771 - mse: 4.3771 - val_loss: 11.1045 - val_mse: 11.1045 - 35s/epoch - 8ms/step
Epoch 25/250
4487/4487 - 34s - loss: 4.3962 - mse: 4.3962 - val_loss: 12.7549 - val_mse: 12.7549 - 34s/epoch - 8ms/step
Epoch 26/250
4487/4487 - 34s - loss: 4.4048 - mse: 4.4048 - val_loss: 12.0241 - val_mse: 12.0241 - 34s/epoch - 8ms/step
Epoch 27/250
4487/4487 - 34s - loss: 4.3731 - mse: 4.3731 - val_loss: 12.1952 - val_mse: 12.1952 - 34s/epoch - 8ms/step
Epoch 28/250
4487/4487 - 35s - loss: 4.3972 - mse: 4.3972 - val_loss: 12.3500 - val_mse: 12.3500 - 35s/epoch - 8ms/step
Epoch 29/250
4487/4487 - 34s - loss: 4.3815 - mse: 4.3815 - val_loss: 12.2044 - val_mse: 12.2044 - 34s/epoch - 8ms/step
Epoch 30/250
4487/4487 - 34s - loss: 4.3663 - mse: 4.3663 - val_loss: 12.8485 - val_mse: 12.8485 - 34s/epoch - 8ms/step
Epoch 31/250
4487/4487 - 34s - loss: 4.3981 - mse: 4.3981 - val_loss: 11.1921 - val_mse: 11.1921 - 34s/epoch - 8ms/step
Epoch 32/250
4487/4487 - 34s - loss: 4.3679 - mse: 4.3679 - val_loss: 12.3907 - val_mse: 12.3907 - 34s/epoch - 8ms/step
Epoch 33/250
4487/4487 - 34s - loss: 4.3749 - mse: 4.3749 - val_loss: 11.2559 - val_mse: 11.2559 - 34s/epoch - 8ms/step
Epoch 34/250
4487/4487 - 34s - loss: 4.3841 - mse: 4.3841 - val_loss: 12.9971 - val_mse: 12.9971 - 34s/epoch - 8ms/step
Epoch 35/250
4487/4487 - 34s - loss: 4.3942 - mse: 4.3942 - val_loss: 13.5887 - val_mse: 13.5887 - 34s/epoch - 8ms/step
Epoch 36/250
4487/4487 - 34s - loss: 4.4530 - mse: 4.4530 - val_loss: 11.7835 - val_mse: 11.7835 - 34s/epoch - 8ms/step
Epoch 37/250
4487/4487 - 34s - loss: 4.3861 - mse: 4.3861 - val_loss: 13.1666 - val_mse: 13.1666 - 34s/epoch - 8ms/step
Epoch 38/250
4487/4487 - 35s - loss: 4.3997 - mse: 4.3997 - val_loss: 13.0293 - val_mse: 13.0293 - 35s/epoch - 8ms/step
Epoch 39/250
4487/4487 - 34s - loss: 4.3999 - mse: 4.3999 - val_loss: 11.4610 - val_mse: 11.4610 - 34s/epoch - 8ms/step
Epoch 40/250
4487/4487 - 34s - loss: 4.3998 - mse: 4.3998 - val_loss: 11.6117 - val_mse: 11.6117 - 34s/epoch - 8ms/step
Epoch 41/250
4487/4487 - 35s - loss: 4.3539 - mse: 4.3539 - val_loss: 10.5296 - val_mse: 10.5296 - 35s/epoch - 8ms/step
Epoch 42/250
4487/4487 - 35s - loss: 4.3807 - mse: 4.3807 - val_loss: 10.3532 - val_mse: 10.3532 - 35s/epoch - 8ms/step
Epoch 43/250
4487/4487 - 34s - loss: 4.3684 - mse: 4.3684 - val_loss: 11.5318 - val_mse: 11.5318 - 34s/epoch - 8ms/step
Epoch 44/250
4487/4487 - 34s - loss: 4.3841 - mse: 4.3841 - val_loss: 12.2190 - val_mse: 12.2190 - 34s/epoch - 8ms/step
Epoch 45/250
4487/4487 - 34s - loss: 4.3570 - mse: 4.3570 - val_loss: 11.6104 - val_mse: 11.6104 - 34s/epoch - 8ms/step
Epoch 46/250
4487/4487 - 34s - loss: 4.3592 - mse: 4.3592 - val_loss: 12.2075 - val_mse: 12.2075 - 34s/epoch - 8ms/step
Epoch 47/250
4487/4487 - 34s - loss: 4.3648 - mse: 4.3648 - val_loss: 14.6971 - val_mse: 14.6971 - 34s/epoch - 8ms/step
Epoch 48/250
4487/4487 - 35s - loss: 4.3497 - mse: 4.3497 - val_loss: 12.5973 - val_mse: 12.5973 - 35s/epoch - 8ms/step
Epoch 49/250
4487/4487 - 34s - loss: 4.4168 - mse: 4.4168 - val_loss: 12.9204 - val_mse: 12.9204 - 34s/epoch - 8ms/step
Epoch 50/250
4487/4487 - 34s - loss: 4.3806 - mse: 4.3806 - val_loss: 11.4500 - val_mse: 11.4500 - 34s/epoch - 8ms/step
Epoch 51/250
4487/4487 - 35s - loss: 4.3117 - mse: 4.3117 - val_loss: 13.4762 - val_mse: 13.4762 - 35s/epoch - 8ms/step
Epoch 52/250
4487/4487 - 34s - loss: 4.3537 - mse: 4.3537 - val_loss: 11.7975 - val_mse: 11.7975 - 34s/epoch - 8ms/step
Epoch 53/250
4487/4487 - 34s - loss: 4.3524 - mse: 4.3524 - val_loss: 12.2380 - val_mse: 12.2380 - 34s/epoch - 8ms/step
Epoch 54/250
4487/4487 - 34s - loss: 4.3371 - mse: 4.3371 - val_loss: 13.3444 - val_mse: 13.3444 - 34s/epoch - 8ms/step
Epoch 55/250
4487/4487 - 35s - loss: 4.3455 - mse: 4.3455 - val_loss: 13.0830 - val_mse: 13.0830 - 35s/epoch - 8ms/step
Epoch 56/250
4487/4487 - 34s - loss: 4.3293 - mse: 4.3293 - val_loss: 11.3617 - val_mse: 11.3617 - 34s/epoch - 8ms/step
Epoch 57/250
4487/4487 - 34s - loss: 4.3486 - mse: 4.3486 - val_loss: 11.2610 - val_mse: 11.2610 - 34s/epoch - 8ms/step
Epoch 58/250
4487/4487 - 34s - loss: 4.3466 - mse: 4.3466 - val_loss: 12.1664 - val_mse: 12.1664 - 34s/epoch - 8ms/step
Epoch 59/250
4487/4487 - 34s - loss: 4.3339 - mse: 4.3339 - val_loss: 11.5909 - val_mse: 11.5909 - 34s/epoch - 8ms/step
Epoch 60/250
4487/4487 - 34s - loss: 4.3777 - mse: 4.3777 - val_loss: 13.8091 - val_mse: 13.8091 - 34s/epoch - 8ms/step
Epoch 61/250
4487/4487 - 34s - loss: 4.3542 - mse: 4.3542 - val_loss: 16.8738 - val_mse: 16.8738 - 34s/epoch - 8ms/step
Epoch 62/250
4487/4487 - 34s - loss: 4.3434 - mse: 4.3434 - val_loss: 11.5496 - val_mse: 11.5496 - 34s/epoch - 8ms/step
Epoch 63/250
4487/4487 - 35s - loss: 4.3710 - mse: 4.3710 - val_loss: 12.1870 - val_mse: 12.1870 - 35s/epoch - 8ms/step
Epoch 64/250
4487/4487 - 34s - loss: 4.3224 - mse: 4.3224 - val_loss: 11.8270 - val_mse: 11.8270 - 34s/epoch - 8ms/step
Epoch 65/250
4487/4487 - 35s - loss: 4.3492 - mse: 4.3492 - val_loss: 13.6118 - val_mse: 13.6118 - 35s/epoch - 8ms/step
Epoch 66/250
4487/4487 - 34s - loss: 4.3772 - mse: 4.3772 - val_loss: 10.8005 - val_mse: 10.8005 - 34s/epoch - 8ms/step
Epoch 67/250
4487/4487 - 35s - loss: 4.3667 - mse: 4.3667 - val_loss: 11.6512 - val_mse: 11.6512 - 35s/epoch - 8ms/step
Epoch 68/250
4487/4487 - 34s - loss: 4.3641 - mse: 4.3641 - val_loss: 10.7119 - val_mse: 10.7119 - 34s/epoch - 8ms/step
Epoch 69/250
4487/4487 - 35s - loss: 4.3500 - mse: 4.3500 - val_loss: 10.2939 - val_mse: 10.2939 - 35s/epoch - 8ms/step
Epoch 70/250
4487/4487 - 34s - loss: 4.3385 - mse: 4.3385 - val_loss: 10.9877 - val_mse: 10.9877 - 34s/epoch - 8ms/step
Epoch 71/250
4487/4487 - 34s - loss: 4.3106 - mse: 4.3106 - val_loss: 14.4379 - val_mse: 14.4379 - 34s/epoch - 8ms/step
Epoch 72/250
4487/4487 - 34s - loss: 4.3285 - mse: 4.3285 - val_loss: 13.0404 - val_mse: 13.0404 - 34s/epoch - 8ms/step
Epoch 73/250
4487/4487 - 34s - loss: 4.3316 - mse: 4.3316 - val_loss: 11.6641 - val_mse: 11.6641 - 34s/epoch - 8ms/step
Epoch 74/250
4487/4487 - 35s - loss: 4.3334 - mse: 4.3334 - val_loss: 12.1499 - val_mse: 12.1499 - 35s/epoch - 8ms/step
Epoch 75/250
4487/4487 - 34s - loss: 4.3384 - mse: 4.3384 - val_loss: 11.4060 - val_mse: 11.4060 - 34s/epoch - 8ms/step
Epoch 76/250
4487/4487 - 34s - loss: 4.3138 - mse: 4.3138 - val_loss: 11.6304 - val_mse: 11.6304 - 34s/epoch - 8ms/step
Epoch 77/250
4487/4487 - 34s - loss: 4.3301 - mse: 4.3301 - val_loss: 10.7830 - val_mse: 10.7830 - 34s/epoch - 8ms/step
Epoch 78/250
4487/4487 - 35s - loss: 4.3007 - mse: 4.3007 - val_loss: 11.8565 - val_mse: 11.8565 - 35s/epoch - 8ms/step
Epoch 79/250
4487/4487 - 35s - loss: 4.3252 - mse: 4.3252 - val_loss: 10.3052 - val_mse: 10.3052 - 35s/epoch - 8ms/step
Epoch 80/250
4487/4487 - 34s - loss: 4.3167 - mse: 4.3167 - val_loss: 12.7944 - val_mse: 12.7944 - 34s/epoch - 8ms/step
Epoch 81/250
4487/4487 - 36s - loss: 4.3261 - mse: 4.3261 - val_loss: 9.6714 - val_mse: 9.6714 - 36s/epoch - 8ms/step
Epoch 82/250
4487/4487 - 35s - loss: 4.3037 - mse: 4.3037 - val_loss: 10.4718 - val_mse: 10.4718 - 35s/epoch - 8ms/step
Epoch 83/250
4487/4487 - 35s - loss: 4.3116 - mse: 4.3116 - val_loss: 10.9503 - val_mse: 10.9503 - 35s/epoch - 8ms/step
Epoch 84/250
4487/4487 - 34s - loss: 4.3254 - mse: 4.3254 - val_loss: 9.9966 - val_mse: 9.9966 - 34s/epoch - 8ms/step
Epoch 85/250
4487/4487 - 34s - loss: 4.3531 - mse: 4.3531 - val_loss: 11.7177 - val_mse: 11.7177 - 34s/epoch - 8ms/step
Epoch 86/250
4487/4487 - 34s - loss: 4.3452 - mse: 4.3452 - val_loss: 10.5199 - val_mse: 10.5199 - 34s/epoch - 8ms/step
Epoch 87/250
4487/4487 - 34s - loss: 4.3122 - mse: 4.3122 - val_loss: 11.5020 - val_mse: 11.5020 - 34s/epoch - 8ms/step
Epoch 88/250
4487/4487 - 35s - loss: 4.2994 - mse: 4.2994 - val_loss: 9.4556 - val_mse: 9.4556 - 35s/epoch - 8ms/step
Epoch 89/250
4487/4487 - 34s - loss: 4.3142 - mse: 4.3142 - val_loss: 11.3595 - val_mse: 11.3595 - 34s/epoch - 8ms/step
Epoch 90/250
4487/4487 - 35s - loss: 4.3266 - mse: 4.3266 - val_loss: 9.2431 - val_mse: 9.2431 - 35s/epoch - 8ms/step
Epoch 91/250
4487/4487 - 35s - loss: 4.3263 - mse: 4.3263 - val_loss: 11.3717 - val_mse: 11.3717 - 35s/epoch - 8ms/step
Epoch 92/250
4487/4487 - 35s - loss: 4.3456 - mse: 4.3456 - val_loss: 9.6988 - val_mse: 9.6988 - 35s/epoch - 8ms/step
Epoch 93/250
4487/4487 - 34s - loss: 4.3086 - mse: 4.3086 - val_loss: 10.9899 - val_mse: 10.9899 - 34s/epoch - 8ms/step
Epoch 94/250
4487/4487 - 34s - loss: 4.3054 - mse: 4.3054 - val_loss: 9.6224 - val_mse: 9.6224 - 34s/epoch - 8ms/step
Epoch 95/250
4487/4487 - 35s - loss: 4.3439 - mse: 4.3439 - val_loss: 9.8976 - val_mse: 9.8976 - 35s/epoch - 8ms/step
Epoch 96/250
4487/4487 - 34s - loss: 4.3421 - mse: 4.3421 - val_loss: 11.0101 - val_mse: 11.0101 - 34s/epoch - 8ms/step
Epoch 97/250
4487/4487 - 34s - loss: 4.3249 - mse: 4.3249 - val_loss: 10.3391 - val_mse: 10.3391 - 34s/epoch - 8ms/step
Epoch 98/250
4487/4487 - 34s - loss: 4.3280 - mse: 4.3280 - val_loss: 9.4582 - val_mse: 9.4582 - 34s/epoch - 8ms/step
Epoch 99/250
4487/4487 - 34s - loss: 4.3168 - mse: 4.3168 - val_loss: 9.5864 - val_mse: 9.5864 - 34s/epoch - 8ms/step
Epoch 100/250
4487/4487 - 35s - loss: 4.3048 - mse: 4.3048 - val_loss: 9.2017 - val_mse: 9.2017 - 35s/epoch - 8ms/step
Epoch 101/250
4487/4487 - 34s - loss: 4.3258 - mse: 4.3258 - val_loss: 11.2231 - val_mse: 11.2231 - 34s/epoch - 8ms/step
Epoch 102/250
4487/4487 - 34s - loss: 4.3172 - mse: 4.3172 - val_loss: 9.6499 - val_mse: 9.6499 - 34s/epoch - 8ms/step
Epoch 103/250
4487/4487 - 35s - loss: 4.3341 - mse: 4.3341 - val_loss: 8.8568 - val_mse: 8.8568 - 35s/epoch - 8ms/step
Epoch 104/250
4487/4487 - 34s - loss: 4.3157 - mse: 4.3157 - val_loss: 9.2312 - val_mse: 9.2312 - 34s/epoch - 8ms/step
Epoch 105/250
4487/4487 - 34s - loss: 4.3217 - mse: 4.3217 - val_loss: 9.1871 - val_mse: 9.1871 - 34s/epoch - 8ms/step
Epoch 106/250
4487/4487 - 34s - loss: 4.3231 - mse: 4.3231 - val_loss: 11.1482 - val_mse: 11.1482 - 34s/epoch - 8ms/step
Epoch 107/250
4487/4487 - 34s - loss: 4.3332 - mse: 4.3332 - val_loss: 9.7622 - val_mse: 9.7622 - 34s/epoch - 8ms/step
Epoch 108/250
4487/4487 - 34s - loss: 4.2932 - mse: 4.2932 - val_loss: 10.8622 - val_mse: 10.8622 - 34s/epoch - 8ms/step
Epoch 109/250
4487/4487 - 34s - loss: 4.4024 - mse: 4.4024 - val_loss: 10.4070 - val_mse: 10.4070 - 34s/epoch - 8ms/step
Epoch 110/250
4487/4487 - 35s - loss: 4.3029 - mse: 4.3029 - val_loss: 10.0824 - val_mse: 10.0824 - 35s/epoch - 8ms/step
Epoch 111/250
4487/4487 - 34s - loss: 4.3384 - mse: 4.3384 - val_loss: 11.5278 - val_mse: 11.5278 - 34s/epoch - 8ms/step
Epoch 112/250
4487/4487 - 34s - loss: 4.3233 - mse: 4.3233 - val_loss: 11.3175 - val_mse: 11.3175 - 34s/epoch - 8ms/step
Epoch 113/250
4487/4487 - 34s - loss: 4.3091 - mse: 4.3091 - val_loss: 10.2231 - val_mse: 10.2231 - 34s/epoch - 8ms/step
Epoch 114/250
4487/4487 - 34s - loss: 4.3379 - mse: 4.3379 - val_loss: 11.4070 - val_mse: 11.4070 - 34s/epoch - 8ms/step
Epoch 115/250
4487/4487 - 35s - loss: 4.3472 - mse: 4.3472 - val_loss: 9.7947 - val_mse: 9.7947 - 35s/epoch - 8ms/step
Epoch 116/250
4487/4487 - 34s - loss: 4.3223 - mse: 4.3223 - val_loss: 11.2493 - val_mse: 11.2493 - 34s/epoch - 8ms/step
Epoch 117/250
4487/4487 - 34s - loss: 4.3147 - mse: 4.3147 - val_loss: 10.1340 - val_mse: 10.1340 - 34s/epoch - 8ms/step
Epoch 118/250
4487/4487 - 34s - loss: 4.3400 - mse: 4.3400 - val_loss: 9.1125 - val_mse: 9.1125 - 34s/epoch - 8ms/step
Epoch 119/250
4487/4487 - 34s - loss: 4.3344 - mse: 4.3344 - val_loss: 11.8007 - val_mse: 11.8007 - 34s/epoch - 8ms/step
Epoch 120/250
4487/4487 - 34s - loss: 4.3239 - mse: 4.3239 - val_loss: 9.7863 - val_mse: 9.7863 - 34s/epoch - 8ms/step
Epoch 121/250
4487/4487 - 34s - loss: 4.3251 - mse: 4.3251 - val_loss: 10.9253 - val_mse: 10.9253 - 34s/epoch - 8ms/step
Epoch 122/250
4487/4487 - 34s - loss: 4.2968 - mse: 4.2968 - val_loss: 9.1908 - val_mse: 9.1908 - 34s/epoch - 8ms/step
Epoch 123/250
4487/4487 - 34s - loss: 4.3648 - mse: 4.3648 - val_loss: 9.0108 - val_mse: 9.0108 - 34s/epoch - 8ms/step
Epoch 124/250
4487/4487 - 34s - loss: 4.3399 - mse: 4.3399 - val_loss: 11.5469 - val_mse: 11.5469 - 34s/epoch - 8ms/step
Epoch 125/250
4487/4487 - 34s - loss: 4.5373 - mse: 4.5373 - val_loss: 10.5868 - val_mse: 10.5868 - 34s/epoch - 8ms/step
Epoch 126/250
4487/4487 - 34s - loss: 4.3916 - mse: 4.3916 - val_loss: 8.9576 - val_mse: 8.9576 - 34s/epoch - 8ms/step
Epoch 127/250
4487/4487 - 35s - loss: 4.3084 - mse: 4.3084 - val_loss: 8.5974 - val_mse: 8.5974 - 35s/epoch - 8ms/step
Epoch 128/250
4487/4487 - 35s - loss: 4.3189 - mse: 4.3189 - val_loss: 8.1643 - val_mse: 8.1643 - 35s/epoch - 8ms/step
Epoch 129/250
4487/4487 - 34s - loss: 4.3366 - mse: 4.3366 - val_loss: 10.0404 - val_mse: 10.0404 - 34s/epoch - 8ms/step
Epoch 130/250
4487/4487 - 35s - loss: 4.3446 - mse: 4.3446 - val_loss: 8.7710 - val_mse: 8.7710 - 35s/epoch - 8ms/step
Epoch 131/250
4487/4487 - 34s - loss: 4.3360 - mse: 4.3360 - val_loss: 8.8039 - val_mse: 8.8039 - 34s/epoch - 8ms/step
Epoch 132/250
4487/4487 - 34s - loss: 4.3092 - mse: 4.3092 - val_loss: 8.8087 - val_mse: 8.8087 - 34s/epoch - 8ms/step
Epoch 133/250
4487/4487 - 34s - loss: 4.3267 - mse: 4.3267 - val_loss: 8.4477 - val_mse: 8.4477 - 34s/epoch - 8ms/step
Epoch 134/250
4487/4487 - 34s - loss: 4.3551 - mse: 4.3551 - val_loss: 9.4947 - val_mse: 9.4947 - 34s/epoch - 8ms/step
Epoch 135/250
4487/4487 - 34s - loss: 4.3236 - mse: 4.3236 - val_loss: 8.7747 - val_mse: 8.7747 - 34s/epoch - 8ms/step
Epoch 136/250
4487/4487 - 34s - loss: 4.3197 - mse: 4.3197 - val_loss: 8.5355 - val_mse: 8.5355 - 34s/epoch - 8ms/step
Epoch 137/250
4487/4487 - 34s - loss: 4.3070 - mse: 4.3070 - val_loss: 9.9981 - val_mse: 9.9981 - 34s/epoch - 8ms/step
Epoch 138/250
4487/4487 - 34s - loss: 4.3526 - mse: 4.3526 - val_loss: 8.2906 - val_mse: 8.2906 - 34s/epoch - 8ms/step
Epoch 139/250
4487/4487 - 34s - loss: 4.3053 - mse: 4.3053 - val_loss: 9.5092 - val_mse: 9.5092 - 34s/epoch - 8ms/step
Epoch 140/250
4487/4487 - 34s - loss: 4.3185 - mse: 4.3185 - val_loss: 8.4981 - val_mse: 8.4981 - 34s/epoch - 8ms/step
Epoch 141/250
4487/4487 - 34s - loss: 4.3067 - mse: 4.3067 - val_loss: 8.4711 - val_mse: 8.4711 - 34s/epoch - 8ms/step
Epoch 142/250
4487/4487 - 34s - loss: 4.2988 - mse: 4.2988 - val_loss: 10.3089 - val_mse: 10.3089 - 34s/epoch - 8ms/step
Epoch 143/250
4487/4487 - 34s - loss: 4.2948 - mse: 4.2948 - val_loss: 9.8488 - val_mse: 9.8488 - 34s/epoch - 8ms/step
Epoch 144/250
4487/4487 - 34s - loss: 4.3210 - mse: 4.3210 - val_loss: 9.4737 - val_mse: 9.4737 - 34s/epoch - 8ms/step
Epoch 145/250
4487/4487 - 34s - loss: 4.2959 - mse: 4.2959 - val_loss: 9.4553 - val_mse: 9.4553 - 34s/epoch - 8ms/step
Epoch 146/250
4487/4487 - 34s - loss: 4.4272 - mse: 4.4272 - val_loss: 10.6355 - val_mse: 10.6355 - 34s/epoch - 8ms/step
Epoch 147/250
4487/4487 - 34s - loss: 4.3410 - mse: 4.3410 - val_loss: 9.3664 - val_mse: 9.3664 - 34s/epoch - 8ms/step
Epoch 148/250
4487/4487 - 34s - loss: 4.3316 - mse: 4.3316 - val_loss: 9.2482 - val_mse: 9.2482 - 34s/epoch - 8ms/step
Epoch 149/250
4487/4487 - 34s - loss: 4.3184 - mse: 4.3184 - val_loss: 9.0248 - val_mse: 9.0248 - 34s/epoch - 8ms/step
Epoch 150/250
4487/4487 - 34s - loss: 4.3152 - mse: 4.3152 - val_loss: 11.2899 - val_mse: 11.2899 - 34s/epoch - 8ms/step
Epoch 151/250
4487/4487 - 34s - loss: 4.3488 - mse: 4.3488 - val_loss: 9.6176 - val_mse: 9.6176 - 34s/epoch - 8ms/step
Epoch 152/250
4487/4487 - 34s - loss: 4.3193 - mse: 4.3193 - val_loss: 11.1135 - val_mse: 11.1135 - 34s/epoch - 8ms/step
Epoch 153/250
4487/4487 - 34s - loss: 4.3250 - mse: 4.3250 - val_loss: 11.8241 - val_mse: 11.8241 - 34s/epoch - 8ms/step
Epoch 154/250
4487/4487 - 34s - loss: 4.3146 - mse: 4.3146 - val_loss: 9.8773 - val_mse: 9.8773 - 34s/epoch - 8ms/step
Epoch 155/250
4487/4487 - 34s - loss: 4.3159 - mse: 4.3159 - val_loss: 10.2030 - val_mse: 10.2030 - 34s/epoch - 8ms/step
Epoch 156/250
4487/4487 - 34s - loss: 4.3237 - mse: 4.3237 - val_loss: 9.0959 - val_mse: 9.0959 - 34s/epoch - 8ms/step
Epoch 157/250
4487/4487 - 34s - loss: 4.3655 - mse: 4.3655 - val_loss: 11.5120 - val_mse: 11.5120 - 34s/epoch - 8ms/step
Epoch 158/250
4487/4487 - 34s - loss: 4.3262 - mse: 4.3262 - val_loss: 9.7148 - val_mse: 9.7148 - 34s/epoch - 8ms/step
Epoch 159/250
4487/4487 - 34s - loss: 4.3133 - mse: 4.3133 - val_loss: 8.5971 - val_mse: 8.5971 - 34s/epoch - 8ms/step
Epoch 160/250
4487/4487 - 34s - loss: 4.3605 - mse: 4.3605 - val_loss: 8.7903 - val_mse: 8.7903 - 34s/epoch - 8ms/step
Epoch 161/250
4487/4487 - 34s - loss: 4.5818 - mse: 4.5818 - val_loss: 9.1849 - val_mse: 9.1849 - 34s/epoch - 8ms/step
Epoch 162/250
4487/4487 - 34s - loss: 4.4014 - mse: 4.4014 - val_loss: 8.3052 - val_mse: 8.3052 - 34s/epoch - 8ms/step
Epoch 163/250
4487/4487 - 34s - loss: 4.3324 - mse: 4.3324 - val_loss: 9.2040 - val_mse: 9.2040 - 34s/epoch - 8ms/step
Epoch 164/250
4487/4487 - 34s - loss: 4.3507 - mse: 4.3507 - val_loss: 9.2139 - val_mse: 9.2139 - 34s/epoch - 8ms/step
Epoch 165/250
4487/4487 - 34s - loss: 4.3578 - mse: 4.3578 - val_loss: 10.3041 - val_mse: 10.3041 - 34s/epoch - 8ms/step
Epoch 166/250
4487/4487 - 34s - loss: 4.3617 - mse: 4.3617 - val_loss: 8.6588 - val_mse: 8.6588 - 34s/epoch - 8ms/step
Epoch 167/250
4487/4487 - 34s - loss: 4.4219 - mse: 4.4219 - val_loss: 8.8560 - val_mse: 8.8560 - 34s/epoch - 8ms/step
Epoch 168/250
4487/4487 - 34s - loss: 4.3749 - mse: 4.3749 - val_loss: 9.5726 - val_mse: 9.5726 - 34s/epoch - 8ms/step
Epoch 169/250
4487/4487 - 34s - loss: 4.3451 - mse: 4.3451 - val_loss: 10.0072 - val_mse: 10.0072 - 34s/epoch - 8ms/step
Epoch 170/250
4487/4487 - 34s - loss: 4.3342 - mse: 4.3342 - val_loss: 10.3011 - val_mse: 10.3011 - 34s/epoch - 8ms/step
Epoch 171/250
4487/4487 - 34s - loss: 4.4829 - mse: 4.4829 - val_loss: 10.1723 - val_mse: 10.1723 - 34s/epoch - 8ms/step
Epoch 172/250
4487/4487 - 34s - loss: 4.4387 - mse: 4.4387 - val_loss: 9.6898 - val_mse: 9.6898 - 34s/epoch - 8ms/step
Epoch 173/250
4487/4487 - 34s - loss: 4.4810 - mse: 4.4810 - val_loss: 9.6157 - val_mse: 9.6157 - 34s/epoch - 8ms/step
Epoch 174/250
4487/4487 - 34s - loss: 4.3875 - mse: 4.3875 - val_loss: 8.6233 - val_mse: 8.6233 - 34s/epoch - 8ms/step
Epoch 175/250
4487/4487 - 34s - loss: 4.4015 - mse: 4.4015 - val_loss: 9.2443 - val_mse: 9.2443 - 34s/epoch - 8ms/step
Epoch 176/250
4487/4487 - 34s - loss: 4.4436 - mse: 4.4436 - val_loss: 9.1661 - val_mse: 9.1661 - 34s/epoch - 8ms/step
Epoch 177/250
4487/4487 - 35s - loss: 4.3935 - mse: 4.3935 - val_loss: 9.0278 - val_mse: 9.0278 - 35s/epoch - 8ms/step
Epoch 178/250
4487/4487 - 34s - loss: 4.6233 - mse: 4.6233 - val_loss: 8.6243 - val_mse: 8.6243 - 34s/epoch - 8ms/step
Epoch 179/250
4487/4487 - 34s - loss: 4.6634 - mse: 4.6634 - val_loss: 9.4303 - val_mse: 9.4303 - 34s/epoch - 8ms/step
Epoch 180/250
4487/4487 - 34s - loss: 4.6798 - mse: 4.6798 - val_loss: 9.0821 - val_mse: 9.0821 - 34s/epoch - 8ms/step
Epoch 181/250
4487/4487 - 34s - loss: 4.6239 - mse: 4.6239 - val_loss: 8.2818 - val_mse: 8.2818 - 34s/epoch - 8ms/step
Epoch 182/250
4487/4487 - 35s - loss: 4.6012 - mse: 4.6012 - val_loss: 7.9368 - val_mse: 7.9368 - 35s/epoch - 8ms/step
Epoch 183/250
4487/4487 - 34s - loss: 4.6050 - mse: 4.6050 - val_loss: 8.6986 - val_mse: 8.6986 - 34s/epoch - 8ms/step
Epoch 184/250
4487/4487 - 34s - loss: 4.5928 - mse: 4.5928 - val_loss: 9.2999 - val_mse: 9.2999 - 34s/epoch - 8ms/step
Epoch 185/250
4487/4487 - 34s - loss: 4.5949 - mse: 4.5949 - val_loss: 10.0875 - val_mse: 10.0875 - 34s/epoch - 8ms/step
Epoch 186/250
4487/4487 - 34s - loss: 6.3862 - mse: 6.3862 - val_loss: 10.5152 - val_mse: 10.5152 - 34s/epoch - 8ms/step
Epoch 187/250
4487/4487 - 35s - loss: 4.6456 - mse: 4.6456 - val_loss: 9.1177 - val_mse: 9.1177 - 35s/epoch - 8ms/step
Epoch 188/250
4487/4487 - 35s - loss: 4.5574 - mse: 4.5574 - val_loss: 10.1187 - val_mse: 10.1187 - 35s/epoch - 8ms/step
Epoch 189/250
4487/4487 - 35s - loss: 4.6093 - mse: 4.6093 - val_loss: 8.2486 - val_mse: 8.2486 - 35s/epoch - 8ms/step
Epoch 190/250
4487/4487 - 34s - loss: 4.7040 - mse: 4.7040 - val_loss: 9.7636 - val_mse: 9.7636 - 34s/epoch - 8ms/step
Epoch 191/250
4487/4487 - 34s - loss: 4.5576 - mse: 4.5576 - val_loss: 8.7802 - val_mse: 8.7802 - 34s/epoch - 8ms/step
Epoch 192/250
4487/4487 - 34s - loss: 4.4676 - mse: 4.4676 - val_loss: 9.4277 - val_mse: 9.4277 - 34s/epoch - 8ms/step
Epoch 193/250
4487/4487 - 34s - loss: 4.3814 - mse: 4.3814 - val_loss: 8.6870 - val_mse: 8.6870 - 34s/epoch - 8ms/step
Epoch 194/250
4487/4487 - 34s - loss: 4.3637 - mse: 4.3637 - val_loss: 9.3478 - val_mse: 9.3478 - 34s/epoch - 8ms/step
Epoch 195/250
4487/4487 - 34s - loss: 4.5320 - mse: 4.5320 - val_loss: 8.2506 - val_mse: 8.2506 - 34s/epoch - 8ms/step
Epoch 196/250
4487/4487 - 34s - loss: 4.4341 - mse: 4.4341 - val_loss: 9.7382 - val_mse: 9.7382 - 34s/epoch - 8ms/step
Epoch 197/250
4487/4487 - 34s - loss: 4.3820 - mse: 4.3820 - val_loss: 9.0004 - val_mse: 9.0004 - 34s/epoch - 8ms/step
Epoch 198/250
4487/4487 - 34s - loss: 4.3852 - mse: 4.3852 - val_loss: 8.4863 - val_mse: 8.4863 - 34s/epoch - 8ms/step
Epoch 199/250
4487/4487 - 34s - loss: 4.4971 - mse: 4.4971 - val_loss: 9.4061 - val_mse: 9.4061 - 34s/epoch - 8ms/step
Epoch 200/250
4487/4487 - 34s - loss: 4.4437 - mse: 4.4437 - val_loss: 8.8592 - val_mse: 8.8592 - 34s/epoch - 8ms/step
Epoch 201/250
4487/4487 - 34s - loss: 4.3731 - mse: 4.3731 - val_loss: 8.5607 - val_mse: 8.5607 - 34s/epoch - 8ms/step
Epoch 202/250
4487/4487 - 34s - loss: 4.3580 - mse: 4.3580 - val_loss: 8.2628 - val_mse: 8.2628 - 34s/epoch - 8ms/step
Epoch 203/250
4487/4487 - 34s - loss: 4.5533 - mse: 4.5533 - val_loss: 9.5177 - val_mse: 9.5177 - 34s/epoch - 8ms/step
Epoch 204/250
4487/4487 - 34s - loss: 4.5334 - mse: 4.5334 - val_loss: 10.1878 - val_mse: 10.1878 - 34s/epoch - 8ms/step
Epoch 205/250
4487/4487 - 34s - loss: 4.5057 - mse: 4.5057 - val_loss: 8.9917 - val_mse: 8.9917 - 34s/epoch - 8ms/step
Epoch 206/250
4487/4487 - 34s - loss: 4.4429 - mse: 4.4429 - val_loss: 8.7960 - val_mse: 8.7960 - 34s/epoch - 8ms/step
Epoch 207/250
4487/4487 - 35s - loss: 4.4423 - mse: 4.4423 - val_loss: 7.8880 - val_mse: 7.8880 - 35s/epoch - 8ms/step
Epoch 208/250
4487/4487 - 34s - loss: 4.4231 - mse: 4.4231 - val_loss: 9.0730 - val_mse: 9.0730 - 34s/epoch - 8ms/step
Epoch 209/250
4487/4487 - 34s - loss: 4.4058 - mse: 4.4058 - val_loss: 9.5731 - val_mse: 9.5731 - 34s/epoch - 8ms/step
Epoch 210/250
4487/4487 - 34s - loss: 4.4380 - mse: 4.4380 - val_loss: 9.4020 - val_mse: 9.4020 - 34s/epoch - 8ms/step
Epoch 211/250
4487/4487 - 34s - loss: 4.4667 - mse: 4.4667 - val_loss: 9.8155 - val_mse: 9.8155 - 34s/epoch - 8ms/step
Epoch 212/250
4487/4487 - 34s - loss: 4.4579 - mse: 4.4579 - val_loss: 8.8782 - val_mse: 8.8782 - 34s/epoch - 8ms/step
Epoch 213/250
4487/4487 - 34s - loss: 4.3893 - mse: 4.3893 - val_loss: 10.7012 - val_mse: 10.7012 - 34s/epoch - 8ms/step
Epoch 214/250
4487/4487 - 34s - loss: 4.3936 - mse: 4.3936 - val_loss: 10.5541 - val_mse: 10.5541 - 34s/epoch - 8ms/step
Epoch 215/250
4487/4487 - 34s - loss: 4.4258 - mse: 4.4258 - val_loss: 10.3043 - val_mse: 10.3043 - 34s/epoch - 8ms/step
Epoch 216/250
4487/4487 - 34s - loss: 4.4904 - mse: 4.4904 - val_loss: 9.8227 - val_mse: 9.8227 - 34s/epoch - 8ms/step
Epoch 217/250
4487/4487 - 34s - loss: 4.4820 - mse: 4.4820 - val_loss: 10.0456 - val_mse: 10.0456 - 34s/epoch - 8ms/step
Epoch 218/250
4487/4487 - 34s - loss: 4.5236 - mse: 4.5236 - val_loss: 10.4536 - val_mse: 10.4536 - 34s/epoch - 8ms/step
Epoch 219/250
4487/4487 - 34s - loss: 4.5057 - mse: 4.5057 - val_loss: 10.3646 - val_mse: 10.3646 - 34s/epoch - 8ms/step
Epoch 220/250
4487/4487 - 34s - loss: 4.5126 - mse: 4.5126 - val_loss: 9.7198 - val_mse: 9.7198 - 34s/epoch - 8ms/step
Epoch 221/250
4487/4487 - 34s - loss: 4.4395 - mse: 4.4395 - val_loss: 9.6697 - val_mse: 9.6697 - 34s/epoch - 8ms/step
Epoch 222/250
4487/4487 - 34s - loss: 4.4859 - mse: 4.4859 - val_loss: 10.3097 - val_mse: 10.3097 - 34s/epoch - 8ms/step
Epoch 223/250
4487/4487 - 34s - loss: 4.5610 - mse: 4.5610 - val_loss: 8.9123 - val_mse: 8.9123 - 34s/epoch - 8ms/step
Epoch 224/250
4487/4487 - 34s - loss: 4.4910 - mse: 4.4910 - val_loss: 8.2374 - val_mse: 8.2374 - 34s/epoch - 8ms/step
Epoch 225/250
4487/4487 - 34s - loss: 4.6551 - mse: 4.6551 - val_loss: 10.3970 - val_mse: 10.3970 - 34s/epoch - 8ms/step
Epoch 226/250
4487/4487 - 34s - loss: 4.5403 - mse: 4.5403 - val_loss: 10.2275 - val_mse: 10.2275 - 34s/epoch - 8ms/step
Epoch 227/250
4487/4487 - 34s - loss: 4.6542 - mse: 4.6542 - val_loss: 9.1757 - val_mse: 9.1757 - 34s/epoch - 8ms/step
Epoch 228/250
4487/4487 - 34s - loss: 4.7369 - mse: 4.7369 - val_loss: 9.5011 - val_mse: 9.5011 - 34s/epoch - 8ms/step
Epoch 229/250
4487/4487 - 34s - loss: 4.7607 - mse: 4.7607 - val_loss: 8.7452 - val_mse: 8.7452 - 34s/epoch - 8ms/step
Epoch 230/250
4487/4487 - 34s - loss: 4.7394 - mse: 4.7394 - val_loss: 9.1304 - val_mse: 9.1304 - 34s/epoch - 8ms/step
Epoch 231/250
4487/4487 - 34s - loss: 4.7034 - mse: 4.7034 - val_loss: 9.8526 - val_mse: 9.8526 - 34s/epoch - 8ms/step
Epoch 232/250
4487/4487 - 34s - loss: 5.0339 - mse: 5.0339 - val_loss: 10.6031 - val_mse: 10.6031 - 34s/epoch - 8ms/step
Epoch 233/250
4487/4487 - 34s - loss: 4.7186 - mse: 4.7186 - val_loss: 9.2601 - val_mse: 9.2601 - 34s/epoch - 8ms/step
Epoch 234/250
4487/4487 - 34s - loss: 4.6115 - mse: 4.6115 - val_loss: 10.2087 - val_mse: 10.2087 - 34s/epoch - 8ms/step
Epoch 235/250
4487/4487 - 34s - loss: 4.5439 - mse: 4.5439 - val_loss: 10.5418 - val_mse: 10.5418 - 34s/epoch - 8ms/step
Epoch 236/250
4487/4487 - 34s - loss: 4.5615 - mse: 4.5615 - val_loss: 9.8154 - val_mse: 9.8154 - 34s/epoch - 8ms/step
Epoch 237/250
4487/4487 - 34s - loss: 4.5557 - mse: 4.5557 - val_loss: 9.8549 - val_mse: 9.8549 - 34s/epoch - 8ms/step
Epoch 238/250
4487/4487 - 34s - loss: 4.8874 - mse: 4.8874 - val_loss: 9.4763 - val_mse: 9.4763 - 34s/epoch - 8ms/step
Epoch 239/250
4487/4487 - 34s - loss: 5.0739 - mse: 5.0739 - val_loss: 10.4707 - val_mse: 10.4707 - 34s/epoch - 8ms/step
Epoch 240/250
4487/4487 - 34s - loss: 5.0980 - mse: 5.0980 - val_loss: 9.1772 - val_mse: 9.1772 - 34s/epoch - 8ms/step
Epoch 241/250
4487/4487 - 34s - loss: 4.6356 - mse: 4.6356 - val_loss: 9.6670 - val_mse: 9.6670 - 34s/epoch - 8ms/step
Epoch 242/250
4487/4487 - 34s - loss: 4.6609 - mse: 4.6609 - val_loss: 11.7457 - val_mse: 11.7457 - 34s/epoch - 8ms/step
Epoch 243/250
4487/4487 - 34s - loss: 4.6616 - mse: 4.6616 - val_loss: 9.8630 - val_mse: 9.8630 - 34s/epoch - 8ms/step
Epoch 244/250
4487/4487 - 34s - loss: 4.7817 - mse: 4.7817 - val_loss: 9.2815 - val_mse: 9.2815 - 34s/epoch - 8ms/step
Epoch 245/250
4487/4487 - 34s - loss: 4.7468 - mse: 4.7468 - val_loss: 10.0216 - val_mse: 10.0216 - 34s/epoch - 8ms/step
Epoch 246/250
4487/4487 - 34s - loss: 4.8330 - mse: 4.8330 - val_loss: 9.4963 - val_mse: 9.4963 - 34s/epoch - 8ms/step
Epoch 247/250
4487/4487 - 34s - loss: 4.6836 - mse: 4.6836 - val_loss: 9.9025 - val_mse: 9.9025 - 34s/epoch - 8ms/step
Epoch 248/250
4487/4487 - 34s - loss: 4.7343 - mse: 4.7343 - val_loss: 9.2726 - val_mse: 9.2726 - 34s/epoch - 8ms/step
Epoch 249/250
4487/4487 - 34s - loss: 4.6715 - mse: 4.6715 - val_loss: 9.6782 - val_mse: 9.6782 - 34s/epoch - 8ms/step
Epoch 250/250
4487/4487 - 34s - loss: 4.7051 - mse: 4.7051 - val_loss: 10.4004 - val_mse: 10.4004 - 34s/epoch - 8ms/step
