2023-01-07 12:49:00.210553: I tensorflow/core/platform/cpu_feature_guard.cc:151] This TensorFlow binary is optimized with oneAPI Deep Neural Network Library (oneDNN) to use the following CPU instructions in performance-critical operations:  SSE4.1 SSE4.2 AVX AVX2 AVX512F FMA
To enable them in other operations, rebuild TensorFlow with the appropriate compiler flags.
2023-01-07 12:49:01.012562: I tensorflow/core/common_runtime/gpu/gpu_device.cc:1525] Created device /job:localhost/replica:0/task:0/device:GPU:0 with 30965 MB memory:  -> device: 0, name: Tesla V100-PCIE-32GB, pci bus id: 0000:3b:00.0, compute capability: 7.0
2023-01-07 12:49:02.718910: I tensorflow/stream_executor/cuda/cuda_dnn.cc:366] Loaded cuDNN version 8201
2023-01-07 12:50:14.979523: W tensorflow/python/util/util.cc:368] Sets are not currently considered sequences, but this may change in the future, so consider avoiding using them.
Epoch 1/250
4502/4502 - 74s - loss: 7.6373 - mse: 7.6373 - val_loss: 33.9544 - val_mse: 33.9544 - 74s/epoch - 16ms/step
Epoch 2/250
4502/4502 - 36s - loss: 5.2071 - mse: 5.2071 - val_loss: 16.5527 - val_mse: 16.5527 - 36s/epoch - 8ms/step
Epoch 3/250
4502/4502 - 34s - loss: 4.9490 - mse: 4.9490 - val_loss: 17.2737 - val_mse: 17.2737 - 34s/epoch - 8ms/step
Epoch 4/250
4502/4502 - 34s - loss: 4.6117 - mse: 4.6117 - val_loss: 19.8657 - val_mse: 19.8657 - 34s/epoch - 7ms/step
Epoch 5/250
4502/4502 - 36s - loss: 4.5699 - mse: 4.5699 - val_loss: 14.6826 - val_mse: 14.6826 - 36s/epoch - 8ms/step
Epoch 6/250
4502/4502 - 34s - loss: 4.4652 - mse: 4.4652 - val_loss: 15.8294 - val_mse: 15.8294 - 34s/epoch - 8ms/step
Epoch 7/250
4502/4502 - 35s - loss: 4.4414 - mse: 4.4414 - val_loss: 17.1799 - val_mse: 17.1799 - 35s/epoch - 8ms/step
Epoch 8/250
4502/4502 - 35s - loss: 4.5669 - mse: 4.5669 - val_loss: 15.3742 - val_mse: 15.3742 - 35s/epoch - 8ms/step
Epoch 9/250
4502/4502 - 35s - loss: 4.5509 - mse: 4.5509 - val_loss: 16.0577 - val_mse: 16.0577 - 35s/epoch - 8ms/step
Epoch 10/250
4502/4502 - 35s - loss: 4.5979 - mse: 4.5979 - val_loss: 16.3276 - val_mse: 16.3276 - 35s/epoch - 8ms/step
Epoch 11/250
4502/4502 - 33s - loss: 4.7790 - mse: 4.7790 - val_loss: 17.7913 - val_mse: 17.7913 - 33s/epoch - 7ms/step
Epoch 12/250
4502/4502 - 34s - loss: 4.5727 - mse: 4.5727 - val_loss: 17.4710 - val_mse: 17.4710 - 34s/epoch - 8ms/step
Epoch 13/250
4502/4502 - 34s - loss: 4.5238 - mse: 4.5238 - val_loss: 16.8570 - val_mse: 16.8570 - 34s/epoch - 8ms/step
Epoch 14/250
4502/4502 - 36s - loss: 4.4713 - mse: 4.4713 - val_loss: 15.4083 - val_mse: 15.4083 - 36s/epoch - 8ms/step
Epoch 15/250
4502/4502 - 35s - loss: 4.4173 - mse: 4.4173 - val_loss: 13.0394 - val_mse: 13.0394 - 35s/epoch - 8ms/step
Epoch 16/250
4502/4502 - 35s - loss: 4.3522 - mse: 4.3522 - val_loss: 17.4740 - val_mse: 17.4740 - 35s/epoch - 8ms/step
Epoch 17/250
4502/4502 - 34s - loss: 4.3520 - mse: 4.3520 - val_loss: 18.5041 - val_mse: 18.5041 - 34s/epoch - 8ms/step
Epoch 18/250
4502/4502 - 35s - loss: 4.3552 - mse: 4.3552 - val_loss: 16.3173 - val_mse: 16.3173 - 35s/epoch - 8ms/step
Epoch 19/250
4502/4502 - 35s - loss: 4.4188 - mse: 4.4188 - val_loss: 15.5169 - val_mse: 15.5169 - 35s/epoch - 8ms/step
Epoch 20/250
4502/4502 - 34s - loss: 4.4186 - mse: 4.4186 - val_loss: 13.5941 - val_mse: 13.5941 - 34s/epoch - 8ms/step
Epoch 21/250
4502/4502 - 35s - loss: 4.5067 - mse: 4.5067 - val_loss: 16.3400 - val_mse: 16.3400 - 35s/epoch - 8ms/step
Epoch 22/250
4502/4502 - 35s - loss: 4.3347 - mse: 4.3347 - val_loss: 17.9109 - val_mse: 17.9109 - 35s/epoch - 8ms/step
Epoch 23/250
4502/4502 - 34s - loss: 4.3543 - mse: 4.3543 - val_loss: 17.0008 - val_mse: 17.0008 - 34s/epoch - 8ms/step
Epoch 24/250
4502/4502 - 35s - loss: 4.3761 - mse: 4.3761 - val_loss: 15.1952 - val_mse: 15.1952 - 35s/epoch - 8ms/step
Epoch 25/250
4502/4502 - 35s - loss: 4.3096 - mse: 4.3096 - val_loss: 14.1109 - val_mse: 14.1109 - 35s/epoch - 8ms/step
Epoch 26/250
4502/4502 - 34s - loss: 4.3128 - mse: 4.3128 - val_loss: 13.5996 - val_mse: 13.5996 - 34s/epoch - 8ms/step
Epoch 27/250
4502/4502 - 34s - loss: 4.2929 - mse: 4.2929 - val_loss: 14.6573 - val_mse: 14.6573 - 34s/epoch - 8ms/step
Epoch 28/250
4502/4502 - 35s - loss: 4.2848 - mse: 4.2848 - val_loss: 16.0353 - val_mse: 16.0353 - 35s/epoch - 8ms/step
Epoch 29/250
4502/4502 - 34s - loss: 4.3148 - mse: 4.3148 - val_loss: 14.0894 - val_mse: 14.0894 - 34s/epoch - 8ms/step
Epoch 30/250
4502/4502 - 34s - loss: 4.2838 - mse: 4.2838 - val_loss: 16.8018 - val_mse: 16.8018 - 34s/epoch - 8ms/step
Epoch 31/250
4502/4502 - 34s - loss: 4.3002 - mse: 4.3002 - val_loss: 14.8232 - val_mse: 14.8232 - 34s/epoch - 8ms/step
Epoch 32/250
4502/4502 - 36s - loss: 4.3256 - mse: 4.3256 - val_loss: 15.9530 - val_mse: 15.9530 - 36s/epoch - 8ms/step
Epoch 33/250
4502/4502 - 35s - loss: 4.3231 - mse: 4.3231 - val_loss: 14.0614 - val_mse: 14.0614 - 35s/epoch - 8ms/step
Epoch 34/250
4502/4502 - 34s - loss: 4.3184 - mse: 4.3184 - val_loss: 14.4491 - val_mse: 14.4491 - 34s/epoch - 8ms/step
Epoch 35/250
4502/4502 - 34s - loss: 4.3305 - mse: 4.3305 - val_loss: 16.8269 - val_mse: 16.8269 - 34s/epoch - 7ms/step
Epoch 36/250
4502/4502 - 34s - loss: 4.2961 - mse: 4.2961 - val_loss: 14.0255 - val_mse: 14.0255 - 34s/epoch - 8ms/step
Epoch 37/250
4502/4502 - 36s - loss: 4.2850 - mse: 4.2850 - val_loss: 15.2109 - val_mse: 15.2109 - 36s/epoch - 8ms/step
Epoch 38/250
4502/4502 - 34s - loss: 4.2843 - mse: 4.2843 - val_loss: 13.2167 - val_mse: 13.2167 - 34s/epoch - 8ms/step
Epoch 39/250
4502/4502 - 35s - loss: 4.2672 - mse: 4.2672 - val_loss: 13.8070 - val_mse: 13.8070 - 35s/epoch - 8ms/step
Epoch 40/250
4502/4502 - 34s - loss: 4.2610 - mse: 4.2610 - val_loss: 13.7211 - val_mse: 13.7211 - 34s/epoch - 8ms/step
Epoch 41/250
4502/4502 - 34s - loss: 4.2410 - mse: 4.2410 - val_loss: 13.6968 - val_mse: 13.6968 - 34s/epoch - 8ms/step
Epoch 42/250
4502/4502 - 33s - loss: 4.3319 - mse: 4.3319 - val_loss: 13.1594 - val_mse: 13.1594 - 33s/epoch - 7ms/step
Epoch 43/250
4502/4502 - 33s - loss: 4.2707 - mse: 4.2707 - val_loss: 14.0710 - val_mse: 14.0710 - 33s/epoch - 7ms/step
Epoch 44/250
4502/4502 - 33s - loss: 4.2623 - mse: 4.2623 - val_loss: 13.3769 - val_mse: 13.3769 - 33s/epoch - 7ms/step
Epoch 45/250
4502/4502 - 36s - loss: 4.2918 - mse: 4.2918 - val_loss: 14.1861 - val_mse: 14.1861 - 36s/epoch - 8ms/step
Epoch 46/250
4502/4502 - 36s - loss: 4.2497 - mse: 4.2497 - val_loss: 12.9630 - val_mse: 12.9630 - 36s/epoch - 8ms/step
Epoch 47/250
4502/4502 - 34s - loss: 4.2659 - mse: 4.2659 - val_loss: 14.0043 - val_mse: 14.0043 - 34s/epoch - 7ms/step
Epoch 48/250
4502/4502 - 34s - loss: 4.2579 - mse: 4.2579 - val_loss: 14.5278 - val_mse: 14.5278 - 34s/epoch - 8ms/step
Epoch 49/250
4502/4502 - 37s - loss: 4.2532 - mse: 4.2532 - val_loss: 14.2586 - val_mse: 14.2586 - 37s/epoch - 8ms/step
Epoch 50/250
4502/4502 - 34s - loss: 4.3813 - mse: 4.3813 - val_loss: 14.3594 - val_mse: 14.3594 - 34s/epoch - 7ms/step
Epoch 51/250
4502/4502 - 33s - loss: 4.2580 - mse: 4.2580 - val_loss: 14.0028 - val_mse: 14.0028 - 33s/epoch - 7ms/step
Epoch 52/250
4502/4502 - 35s - loss: 4.2670 - mse: 4.2670 - val_loss: 14.1869 - val_mse: 14.1869 - 35s/epoch - 8ms/step
Epoch 53/250
4502/4502 - 35s - loss: 4.2836 - mse: 4.2836 - val_loss: 15.1365 - val_mse: 15.1365 - 35s/epoch - 8ms/step
Epoch 54/250
4502/4502 - 34s - loss: 4.2848 - mse: 4.2848 - val_loss: 13.6599 - val_mse: 13.6599 - 34s/epoch - 8ms/step
Epoch 55/250
4502/4502 - 34s - loss: 4.2575 - mse: 4.2575 - val_loss: 11.7331 - val_mse: 11.7331 - 34s/epoch - 7ms/step
Epoch 56/250
4502/4502 - 33s - loss: 4.2264 - mse: 4.2264 - val_loss: 12.3766 - val_mse: 12.3766 - 33s/epoch - 7ms/step
Epoch 57/250
4502/4502 - 35s - loss: 4.3506 - mse: 4.3506 - val_loss: 12.2173 - val_mse: 12.2173 - 35s/epoch - 8ms/step
Epoch 58/250
4502/4502 - 35s - loss: 4.3099 - mse: 4.3099 - val_loss: 11.4919 - val_mse: 11.4919 - 35s/epoch - 8ms/step
Epoch 59/250
4502/4502 - 34s - loss: 4.3075 - mse: 4.3075 - val_loss: 14.6020 - val_mse: 14.6020 - 34s/epoch - 8ms/step
Epoch 60/250
4502/4502 - 36s - loss: 4.2755 - mse: 4.2755 - val_loss: 15.1745 - val_mse: 15.1745 - 36s/epoch - 8ms/step
Epoch 61/250
4502/4502 - 35s - loss: 4.2813 - mse: 4.2813 - val_loss: 13.9739 - val_mse: 13.9739 - 35s/epoch - 8ms/step
Epoch 62/250
4502/4502 - 35s - loss: 4.2820 - mse: 4.2820 - val_loss: 17.0825 - val_mse: 17.0825 - 35s/epoch - 8ms/step
Epoch 63/250
4502/4502 - 34s - loss: 4.2508 - mse: 4.2508 - val_loss: 13.7110 - val_mse: 13.7110 - 34s/epoch - 8ms/step
Epoch 64/250
4502/4502 - 35s - loss: 4.3226 - mse: 4.3226 - val_loss: 15.2764 - val_mse: 15.2764 - 35s/epoch - 8ms/step
Epoch 65/250
4502/4502 - 33s - loss: 4.2726 - mse: 4.2726 - val_loss: 16.1411 - val_mse: 16.1411 - 33s/epoch - 7ms/step
Epoch 66/250
4502/4502 - 34s - loss: 4.2785 - mse: 4.2785 - val_loss: 12.8487 - val_mse: 12.8487 - 34s/epoch - 8ms/step
Epoch 67/250
4502/4502 - 36s - loss: 4.2603 - mse: 4.2603 - val_loss: 12.9678 - val_mse: 12.9678 - 36s/epoch - 8ms/step
Epoch 68/250
4502/4502 - 36s - loss: 4.2877 - mse: 4.2877 - val_loss: 14.7461 - val_mse: 14.7461 - 36s/epoch - 8ms/step
Epoch 69/250
4502/4502 - 35s - loss: 4.2739 - mse: 4.2739 - val_loss: 16.3499 - val_mse: 16.3499 - 35s/epoch - 8ms/step
Epoch 70/250
4502/4502 - 35s - loss: 4.2758 - mse: 4.2758 - val_loss: 14.2807 - val_mse: 14.2807 - 35s/epoch - 8ms/step
Epoch 71/250
4502/4502 - 35s - loss: 4.2746 - mse: 4.2746 - val_loss: 13.7038 - val_mse: 13.7038 - 35s/epoch - 8ms/step
Epoch 72/250
4502/4502 - 35s - loss: 4.2450 - mse: 4.2450 - val_loss: 15.2994 - val_mse: 15.2994 - 35s/epoch - 8ms/step
Epoch 73/250
4502/4502 - 37s - loss: 4.2196 - mse: 4.2196 - val_loss: 13.8849 - val_mse: 13.8849 - 37s/epoch - 8ms/step
Epoch 74/250
4502/4502 - 34s - loss: 4.2600 - mse: 4.2600 - val_loss: 12.6130 - val_mse: 12.6130 - 34s/epoch - 8ms/step
Epoch 75/250
4502/4502 - 35s - loss: 4.2690 - mse: 4.2690 - val_loss: 11.1421 - val_mse: 11.1421 - 35s/epoch - 8ms/step
Epoch 76/250
4502/4502 - 34s - loss: 4.2684 - mse: 4.2684 - val_loss: 12.9083 - val_mse: 12.9083 - 34s/epoch - 8ms/step
Epoch 77/250
4502/4502 - 33s - loss: 4.2861 - mse: 4.2861 - val_loss: 14.3300 - val_mse: 14.3300 - 33s/epoch - 7ms/step
Epoch 78/250
4502/4502 - 34s - loss: 4.2366 - mse: 4.2366 - val_loss: 13.8845 - val_mse: 13.8845 - 34s/epoch - 8ms/step
Epoch 79/250
4502/4502 - 35s - loss: 4.2504 - mse: 4.2504 - val_loss: 13.9945 - val_mse: 13.9945 - 35s/epoch - 8ms/step
Epoch 80/250
4502/4502 - 33s - loss: 4.2285 - mse: 4.2285 - val_loss: 13.2748 - val_mse: 13.2748 - 33s/epoch - 7ms/step
Epoch 81/250
4502/4502 - 34s - loss: 4.2251 - mse: 4.2251 - val_loss: 12.1187 - val_mse: 12.1187 - 34s/epoch - 8ms/step
Epoch 82/250
4502/4502 - 34s - loss: 4.2103 - mse: 4.2103 - val_loss: 13.0573 - val_mse: 13.0573 - 34s/epoch - 8ms/step
Epoch 83/250
4502/4502 - 34s - loss: 4.2228 - mse: 4.2228 - val_loss: 15.1029 - val_mse: 15.1029 - 34s/epoch - 8ms/step
Epoch 84/250
4502/4502 - 35s - loss: 4.2240 - mse: 4.2240 - val_loss: 12.9936 - val_mse: 12.9936 - 35s/epoch - 8ms/step
Epoch 85/250
4502/4502 - 37s - loss: 4.2119 - mse: 4.2119 - val_loss: 12.3004 - val_mse: 12.3004 - 37s/epoch - 8ms/step
Epoch 86/250
4502/4502 - 35s - loss: 4.2139 - mse: 4.2139 - val_loss: 14.0823 - val_mse: 14.0823 - 35s/epoch - 8ms/step
Epoch 87/250
4502/4502 - 34s - loss: 4.2509 - mse: 4.2509 - val_loss: 14.1437 - val_mse: 14.1437 - 34s/epoch - 8ms/step
Epoch 88/250
4502/4502 - 34s - loss: 4.2153 - mse: 4.2153 - val_loss: 12.2465 - val_mse: 12.2465 - 34s/epoch - 7ms/step
Epoch 89/250
4502/4502 - 35s - loss: 4.1982 - mse: 4.1982 - val_loss: 13.0889 - val_mse: 13.0889 - 35s/epoch - 8ms/step
Epoch 90/250
4502/4502 - 35s - loss: 4.2412 - mse: 4.2412 - val_loss: 12.1849 - val_mse: 12.1849 - 35s/epoch - 8ms/step
Epoch 91/250
4502/4502 - 35s - loss: 4.2043 - mse: 4.2043 - val_loss: 14.4145 - val_mse: 14.4145 - 35s/epoch - 8ms/step
Epoch 92/250
4502/4502 - 34s - loss: 4.2066 - mse: 4.2066 - val_loss: 11.8612 - val_mse: 11.8612 - 34s/epoch - 8ms/step
Epoch 93/250
4502/4502 - 35s - loss: 4.2212 - mse: 4.2212 - val_loss: 12.2518 - val_mse: 12.2518 - 35s/epoch - 8ms/step
Epoch 94/250
4502/4502 - 35s - loss: 4.2123 - mse: 4.2123 - val_loss: 14.1584 - val_mse: 14.1584 - 35s/epoch - 8ms/step
Epoch 95/250
4502/4502 - 34s - loss: 4.2024 - mse: 4.2024 - val_loss: 14.5504 - val_mse: 14.5504 - 34s/epoch - 8ms/step
Epoch 96/250
4502/4502 - 35s - loss: 4.2309 - mse: 4.2309 - val_loss: 16.2394 - val_mse: 16.2394 - 35s/epoch - 8ms/step
Epoch 97/250
4502/4502 - 34s - loss: 4.2421 - mse: 4.2421 - val_loss: 13.8575 - val_mse: 13.8575 - 34s/epoch - 7ms/step
Epoch 98/250
4502/4502 - 34s - loss: 4.2145 - mse: 4.2145 - val_loss: 14.3249 - val_mse: 14.3249 - 34s/epoch - 8ms/step
Epoch 99/250
4502/4502 - 35s - loss: 4.2211 - mse: 4.2211 - val_loss: 12.5713 - val_mse: 12.5713 - 35s/epoch - 8ms/step
Epoch 100/250
4502/4502 - 33s - loss: 4.2063 - mse: 4.2063 - val_loss: 13.9568 - val_mse: 13.9568 - 33s/epoch - 7ms/step
Epoch 101/250
4502/4502 - 35s - loss: 4.2059 - mse: 4.2059 - val_loss: 13.3821 - val_mse: 13.3821 - 35s/epoch - 8ms/step
Epoch 102/250
4502/4502 - 34s - loss: 4.2006 - mse: 4.2006 - val_loss: 12.8159 - val_mse: 12.8159 - 34s/epoch - 8ms/step
Epoch 103/250
4502/4502 - 34s - loss: 4.2052 - mse: 4.2052 - val_loss: 12.5946 - val_mse: 12.5946 - 34s/epoch - 8ms/step
Epoch 104/250
4502/4502 - 36s - loss: 4.2134 - mse: 4.2134 - val_loss: 12.4035 - val_mse: 12.4035 - 36s/epoch - 8ms/step
Epoch 105/250
4502/4502 - 34s - loss: 4.2225 - mse: 4.2225 - val_loss: 13.1404 - val_mse: 13.1404 - 34s/epoch - 8ms/step
Epoch 106/250
4502/4502 - 35s - loss: 4.2260 - mse: 4.2260 - val_loss: 12.2926 - val_mse: 12.2926 - 35s/epoch - 8ms/step
Epoch 107/250
4502/4502 - 34s - loss: 4.1946 - mse: 4.1946 - val_loss: 11.8495 - val_mse: 11.8495 - 34s/epoch - 8ms/step
Epoch 108/250
4502/4502 - 34s - loss: 4.1915 - mse: 4.1915 - val_loss: 14.3085 - val_mse: 14.3085 - 34s/epoch - 7ms/step
Epoch 109/250
4502/4502 - 35s - loss: 4.2024 - mse: 4.2024 - val_loss: 12.3065 - val_mse: 12.3065 - 35s/epoch - 8ms/step
Epoch 110/250
4502/4502 - 35s - loss: 4.2259 - mse: 4.2259 - val_loss: 11.8790 - val_mse: 11.8790 - 35s/epoch - 8ms/step
Epoch 111/250
4502/4502 - 35s - loss: 4.2102 - mse: 4.2102 - val_loss: 11.2332 - val_mse: 11.2332 - 35s/epoch - 8ms/step
Epoch 112/250
4502/4502 - 35s - loss: 4.1874 - mse: 4.1874 - val_loss: 13.1665 - val_mse: 13.1665 - 35s/epoch - 8ms/step
Epoch 113/250
4502/4502 - 34s - loss: 4.2100 - mse: 4.2100 - val_loss: 12.2259 - val_mse: 12.2259 - 34s/epoch - 8ms/step
Epoch 114/250
4502/4502 - 34s - loss: 4.2054 - mse: 4.2054 - val_loss: 11.7715 - val_mse: 11.7715 - 34s/epoch - 8ms/step
Epoch 115/250
4502/4502 - 35s - loss: 4.2273 - mse: 4.2273 - val_loss: 10.6829 - val_mse: 10.6829 - 35s/epoch - 8ms/step
Epoch 116/250
4502/4502 - 35s - loss: 5.1795 - mse: 5.1795 - val_loss: 9.1862 - val_mse: 9.1862 - 35s/epoch - 8ms/step
Epoch 117/250
4502/4502 - 37s - loss: 5.6969 - mse: 5.6969 - val_loss: 8.8470 - val_mse: 8.8470 - 37s/epoch - 8ms/step
Epoch 118/250
4502/4502 - 35s - loss: 4.7909 - mse: 4.7909 - val_loss: 9.2584 - val_mse: 9.2584 - 35s/epoch - 8ms/step
Epoch 119/250
4502/4502 - 34s - loss: 4.5694 - mse: 4.5694 - val_loss: 9.4541 - val_mse: 9.4541 - 34s/epoch - 8ms/step
Epoch 120/250
4502/4502 - 35s - loss: 4.5401 - mse: 4.5401 - val_loss: 8.2424 - val_mse: 8.2424 - 35s/epoch - 8ms/step
Epoch 121/250
4502/4502 - 34s - loss: 4.4716 - mse: 4.4716 - val_loss: 9.6874 - val_mse: 9.6874 - 34s/epoch - 8ms/step
Epoch 122/250
4502/4502 - 34s - loss: 4.4385 - mse: 4.4385 - val_loss: 9.7457 - val_mse: 9.7457 - 34s/epoch - 7ms/step
Epoch 123/250
4502/4502 - 35s - loss: 4.3947 - mse: 4.3947 - val_loss: 9.7936 - val_mse: 9.7936 - 35s/epoch - 8ms/step
Epoch 124/250
4502/4502 - 35s - loss: 4.4303 - mse: 4.4303 - val_loss: 7.9162 - val_mse: 7.9162 - 35s/epoch - 8ms/step
Epoch 125/250
4502/4502 - 35s - loss: 4.4435 - mse: 4.4435 - val_loss: 9.0973 - val_mse: 9.0973 - 35s/epoch - 8ms/step
Epoch 126/250
4502/4502 - 35s - loss: 4.4216 - mse: 4.4216 - val_loss: 8.0161 - val_mse: 8.0161 - 35s/epoch - 8ms/step
Epoch 127/250
4502/4502 - 34s - loss: 4.4634 - mse: 4.4634 - val_loss: 8.0806 - val_mse: 8.0806 - 34s/epoch - 8ms/step
Epoch 128/250
4502/4502 - 34s - loss: 4.4593 - mse: 4.4593 - val_loss: 8.6152 - val_mse: 8.6152 - 34s/epoch - 8ms/step
Epoch 129/250
4502/4502 - 34s - loss: 4.4632 - mse: 4.4632 - val_loss: 7.7142 - val_mse: 7.7142 - 34s/epoch - 8ms/step
Epoch 130/250
4502/4502 - 35s - loss: 4.4264 - mse: 4.4264 - val_loss: 8.3821 - val_mse: 8.3821 - 35s/epoch - 8ms/step
Epoch 131/250
4502/4502 - 35s - loss: 4.3970 - mse: 4.3970 - val_loss: 7.2062 - val_mse: 7.2062 - 35s/epoch - 8ms/step
Epoch 132/250
4502/4502 - 34s - loss: 4.3702 - mse: 4.3702 - val_loss: 8.0892 - val_mse: 8.0892 - 34s/epoch - 7ms/step
Epoch 133/250
4502/4502 - 35s - loss: 4.3942 - mse: 4.3942 - val_loss: 7.8796 - val_mse: 7.8796 - 35s/epoch - 8ms/step
Epoch 134/250
4502/4502 - 35s - loss: 4.3295 - mse: 4.3295 - val_loss: 9.3203 - val_mse: 9.3203 - 35s/epoch - 8ms/step
Epoch 135/250
4502/4502 - 35s - loss: 4.3499 - mse: 4.3499 - val_loss: 9.2071 - val_mse: 9.2071 - 35s/epoch - 8ms/step
Epoch 136/250
4502/4502 - 34s - loss: 4.3219 - mse: 4.3219 - val_loss: 9.4375 - val_mse: 9.4375 - 34s/epoch - 7ms/step
Epoch 137/250
4502/4502 - 35s - loss: 4.2830 - mse: 4.2830 - val_loss: 8.1667 - val_mse: 8.1667 - 35s/epoch - 8ms/step
Epoch 138/250
4502/4502 - 34s - loss: 4.2918 - mse: 4.2918 - val_loss: 8.4179 - val_mse: 8.4179 - 34s/epoch - 8ms/step
Epoch 139/250
4502/4502 - 34s - loss: 4.2963 - mse: 4.2963 - val_loss: 8.0573 - val_mse: 8.0573 - 34s/epoch - 8ms/step
Epoch 140/250
4502/4502 - 34s - loss: 4.2766 - mse: 4.2766 - val_loss: 6.9617 - val_mse: 6.9617 - 34s/epoch - 8ms/step
Epoch 141/250
4502/4502 - 35s - loss: 4.2795 - mse: 4.2795 - val_loss: 8.5689 - val_mse: 8.5689 - 35s/epoch - 8ms/step
Epoch 142/250
4502/4502 - 34s - loss: 4.2573 - mse: 4.2573 - val_loss: 7.8202 - val_mse: 7.8202 - 34s/epoch - 8ms/step
Epoch 143/250
4502/4502 - 34s - loss: 6.2179 - mse: 6.2179 - val_loss: 8.2983 - val_mse: 8.2983 - 34s/epoch - 8ms/step
Epoch 144/250
4502/4502 - 35s - loss: 4.2349 - mse: 4.2349 - val_loss: 8.2565 - val_mse: 8.2565 - 35s/epoch - 8ms/step
Epoch 145/250
4502/4502 - 35s - loss: 4.2716 - mse: 4.2716 - val_loss: 9.8392 - val_mse: 9.8392 - 35s/epoch - 8ms/step
Epoch 146/250
4502/4502 - 34s - loss: 4.2580 - mse: 4.2580 - val_loss: 8.6750 - val_mse: 8.6750 - 34s/epoch - 7ms/step
Epoch 147/250
4502/4502 - 34s - loss: 4.2735 - mse: 4.2735 - val_loss: 8.8045 - val_mse: 8.8045 - 34s/epoch - 8ms/step
Epoch 148/250
4502/4502 - 35s - loss: 4.2642 - mse: 4.2642 - val_loss: 8.8560 - val_mse: 8.8560 - 35s/epoch - 8ms/step
Epoch 149/250
4502/4502 - 35s - loss: 4.2968 - mse: 4.2968 - val_loss: 9.9157 - val_mse: 9.9157 - 35s/epoch - 8ms/step
Epoch 150/250
4502/4502 - 34s - loss: 4.3441 - mse: 4.3441 - val_loss: 8.1492 - val_mse: 8.1492 - 34s/epoch - 8ms/step
Epoch 151/250
4502/4502 - 35s - loss: 4.2947 - mse: 4.2947 - val_loss: 7.9626 - val_mse: 7.9626 - 35s/epoch - 8ms/step
Epoch 152/250
4502/4502 - 33s - loss: 4.3402 - mse: 4.3402 - val_loss: 8.2853 - val_mse: 8.2853 - 33s/epoch - 7ms/step
Epoch 153/250
4502/4502 - 34s - loss: 4.3168 - mse: 4.3168 - val_loss: 7.2928 - val_mse: 7.2928 - 34s/epoch - 8ms/step
Epoch 154/250
4502/4502 - 34s - loss: 4.3316 - mse: 4.3316 - val_loss: 8.7763 - val_mse: 8.7763 - 34s/epoch - 8ms/step
Epoch 155/250
4502/4502 - 36s - loss: 4.3127 - mse: 4.3127 - val_loss: 8.1814 - val_mse: 8.1814 - 36s/epoch - 8ms/step
Epoch 156/250
4502/4502 - 34s - loss: 4.3177 - mse: 4.3177 - val_loss: 7.6389 - val_mse: 7.6389 - 34s/epoch - 7ms/step
Epoch 157/250
4502/4502 - 34s - loss: 4.3385 - mse: 4.3385 - val_loss: 7.4924 - val_mse: 7.4924 - 34s/epoch - 8ms/step
Epoch 158/250
4502/4502 - 35s - loss: 4.2748 - mse: 4.2748 - val_loss: 7.1248 - val_mse: 7.1248 - 35s/epoch - 8ms/step
Epoch 159/250
4502/4502 - 35s - loss: 4.2975 - mse: 4.2975 - val_loss: 7.1542 - val_mse: 7.1542 - 35s/epoch - 8ms/step
Epoch 160/250
4502/4502 - 34s - loss: 4.2999 - mse: 4.2999 - val_loss: 7.2360 - val_mse: 7.2360 - 34s/epoch - 8ms/step
Epoch 161/250
4502/4502 - 34s - loss: 4.2783 - mse: 4.2783 - val_loss: 7.6509 - val_mse: 7.6509 - 34s/epoch - 7ms/step
Epoch 162/250
4502/4502 - 35s - loss: 4.2782 - mse: 4.2782 - val_loss: 7.5106 - val_mse: 7.5106 - 35s/epoch - 8ms/step
Epoch 163/250
4502/4502 - 34s - loss: 4.2546 - mse: 4.2546 - val_loss: 6.9077 - val_mse: 6.9077 - 34s/epoch - 8ms/step
Epoch 164/250
4502/4502 - 35s - loss: 4.2442 - mse: 4.2442 - val_loss: 7.4579 - val_mse: 7.4579 - 35s/epoch - 8ms/step
Epoch 165/250
4502/4502 - 34s - loss: 4.2701 - mse: 4.2701 - val_loss: 7.4900 - val_mse: 7.4900 - 34s/epoch - 8ms/step
Epoch 166/250
4502/4502 - 34s - loss: 4.2696 - mse: 4.2696 - val_loss: 7.1466 - val_mse: 7.1466 - 34s/epoch - 8ms/step
Epoch 167/250
4502/4502 - 34s - loss: 4.3285 - mse: 4.3285 - val_loss: 7.1909 - val_mse: 7.1909 - 34s/epoch - 8ms/step
Epoch 168/250
4502/4502 - 35s - loss: 4.2870 - mse: 4.2870 - val_loss: 9.0237 - val_mse: 9.0237 - 35s/epoch - 8ms/step
Epoch 169/250
4502/4502 - 35s - loss: 4.3138 - mse: 4.3138 - val_loss: 8.5232 - val_mse: 8.5232 - 35s/epoch - 8ms/step
Epoch 170/250
4502/4502 - 34s - loss: 4.2296 - mse: 4.2296 - val_loss: 7.6126 - val_mse: 7.6126 - 34s/epoch - 8ms/step
Epoch 171/250
4502/4502 - 34s - loss: 4.2580 - mse: 4.2580 - val_loss: 7.9047 - val_mse: 7.9047 - 34s/epoch - 7ms/step
Epoch 172/250
4502/4502 - 33s - loss: 4.2620 - mse: 4.2620 - val_loss: 7.4193 - val_mse: 7.4193 - 33s/epoch - 7ms/step
Epoch 173/250
4502/4502 - 34s - loss: 4.2540 - mse: 4.2540 - val_loss: 7.9017 - val_mse: 7.9017 - 34s/epoch - 8ms/step
Epoch 174/250
4502/4502 - 35s - loss: 4.2409 - mse: 4.2409 - val_loss: 7.5303 - val_mse: 7.5303 - 35s/epoch - 8ms/step
Epoch 175/250
4502/4502 - 35s - loss: 4.2968 - mse: 4.2968 - val_loss: 6.9907 - val_mse: 6.9907 - 35s/epoch - 8ms/step
Epoch 176/250
4502/4502 - 35s - loss: 4.2988 - mse: 4.2988 - val_loss: 8.3645 - val_mse: 8.3645 - 35s/epoch - 8ms/step
Epoch 177/250
4502/4502 - 33s - loss: 4.2532 - mse: 4.2532 - val_loss: 8.1202 - val_mse: 8.1202 - 33s/epoch - 7ms/step
Epoch 178/250
4502/4502 - 33s - loss: 4.2627 - mse: 4.2627 - val_loss: 7.6434 - val_mse: 7.6434 - 33s/epoch - 7ms/step
Epoch 179/250
4502/4502 - 34s - loss: 4.3392 - mse: 4.3392 - val_loss: 7.6557 - val_mse: 7.6557 - 34s/epoch - 8ms/step
Epoch 180/250
4502/4502 - 33s - loss: 4.3040 - mse: 4.3040 - val_loss: 8.8224 - val_mse: 8.8224 - 33s/epoch - 7ms/step
Epoch 181/250
4502/4502 - 34s - loss: 4.2934 - mse: 4.2934 - val_loss: 8.4378 - val_mse: 8.4378 - 34s/epoch - 7ms/step
Epoch 182/250
4502/4502 - 34s - loss: 4.3000 - mse: 4.3000 - val_loss: 9.1773 - val_mse: 9.1773 - 34s/epoch - 8ms/step
Epoch 183/250
4502/4502 - 36s - loss: 4.2795 - mse: 4.2795 - val_loss: 6.8702 - val_mse: 6.8702 - 36s/epoch - 8ms/step
Epoch 184/250
4502/4502 - 35s - loss: 4.3736 - mse: 4.3736 - val_loss: 7.6410 - val_mse: 7.6410 - 35s/epoch - 8ms/step
Epoch 185/250
4502/4502 - 34s - loss: 4.2848 - mse: 4.2848 - val_loss: 8.0739 - val_mse: 8.0739 - 34s/epoch - 8ms/step
Epoch 186/250
4502/4502 - 35s - loss: 4.3038 - mse: 4.3038 - val_loss: 7.9108 - val_mse: 7.9108 - 35s/epoch - 8ms/step
Epoch 187/250
4502/4502 - 34s - loss: 4.2875 - mse: 4.2875 - val_loss: 7.2369 - val_mse: 7.2369 - 34s/epoch - 8ms/step
Epoch 188/250
4502/4502 - 35s - loss: 4.2597 - mse: 4.2597 - val_loss: 8.6953 - val_mse: 8.6953 - 35s/epoch - 8ms/step
Epoch 189/250
4502/4502 - 33s - loss: 4.2361 - mse: 4.2361 - val_loss: 8.0658 - val_mse: 8.0658 - 33s/epoch - 7ms/step
Epoch 190/250
4502/4502 - 35s - loss: 4.5192 - mse: 4.5192 - val_loss: 9.3044 - val_mse: 9.3044 - 35s/epoch - 8ms/step
Epoch 191/250
4502/4502 - 34s - loss: 4.2436 - mse: 4.2436 - val_loss: 8.4563 - val_mse: 8.4563 - 34s/epoch - 8ms/step
Epoch 192/250
4502/4502 - 34s - loss: 7.9952 - mse: 7.9952 - val_loss: 8.8572 - val_mse: 8.8572 - 34s/epoch - 8ms/step
Epoch 193/250
4502/4502 - 36s - loss: 4.2194 - mse: 4.2194 - val_loss: 7.8241 - val_mse: 7.8241 - 36s/epoch - 8ms/step
Epoch 194/250
4502/4502 - 34s - loss: 4.2253 - mse: 4.2253 - val_loss: 8.2323 - val_mse: 8.2323 - 34s/epoch - 7ms/step
Epoch 195/250
4502/4502 - 35s - loss: 6.7290 - mse: 6.7290 - val_loss: 7.9826 - val_mse: 7.9826 - 35s/epoch - 8ms/step
Epoch 196/250
4502/4502 - 34s - loss: 4.2290 - mse: 4.2290 - val_loss: 8.4415 - val_mse: 8.4415 - 34s/epoch - 8ms/step
Epoch 197/250
4502/4502 - 34s - loss: 4.2193 - mse: 4.2193 - val_loss: 7.8666 - val_mse: 7.8666 - 34s/epoch - 8ms/step
Epoch 198/250
4502/4502 - 34s - loss: 4.2919 - mse: 4.2919 - val_loss: 7.8773 - val_mse: 7.8773 - 34s/epoch - 8ms/step
Epoch 199/250
4502/4502 - 35s - loss: 4.3008 - mse: 4.3008 - val_loss: 8.5999 - val_mse: 8.5999 - 35s/epoch - 8ms/step
Epoch 200/250
4502/4502 - 35s - loss: 4.2643 - mse: 4.2643 - val_loss: 8.1794 - val_mse: 8.1794 - 35s/epoch - 8ms/step
Epoch 201/250
4502/4502 - 34s - loss: 4.2889 - mse: 4.2889 - val_loss: 7.4296 - val_mse: 7.4296 - 34s/epoch - 7ms/step
Epoch 202/250
4502/4502 - 34s - loss: 4.2912 - mse: 4.2912 - val_loss: 8.0590 - val_mse: 8.0590 - 34s/epoch - 8ms/step
Epoch 203/250
4502/4502 - 34s - loss: 4.2900 - mse: 4.2900 - val_loss: 7.6894 - val_mse: 7.6894 - 34s/epoch - 8ms/step
Epoch 204/250
4502/4502 - 34s - loss: 4.2660 - mse: 4.2660 - val_loss: 8.1079 - val_mse: 8.1079 - 34s/epoch - 7ms/step
Epoch 205/250
4502/4502 - 34s - loss: 4.2527 - mse: 4.2527 - val_loss: 7.5820 - val_mse: 7.5820 - 34s/epoch - 8ms/step
Epoch 206/250
4502/4502 - 35s - loss: 4.2625 - mse: 4.2625 - val_loss: 7.4046 - val_mse: 7.4046 - 35s/epoch - 8ms/step
Epoch 207/250
4502/4502 - 35s - loss: 4.2246 - mse: 4.2246 - val_loss: 7.6713 - val_mse: 7.6713 - 35s/epoch - 8ms/step
Epoch 208/250
4502/4502 - 34s - loss: 5.3998 - mse: 5.3998 - val_loss: 8.0408 - val_mse: 8.0408 - 34s/epoch - 8ms/step
Epoch 209/250
4502/4502 - 34s - loss: 4.3701 - mse: 4.3701 - val_loss: 8.7217 - val_mse: 8.7217 - 34s/epoch - 7ms/step
Epoch 210/250
4502/4502 - 35s - loss: 5.1487 - mse: 5.1487 - val_loss: 8.6396 - val_mse: 8.6396 - 35s/epoch - 8ms/step
Epoch 211/250
4502/4502 - 34s - loss: 4.3475 - mse: 4.3475 - val_loss: 8.0563 - val_mse: 8.0563 - 34s/epoch - 8ms/step
Epoch 212/250
4502/4502 - 35s - loss: 4.3296 - mse: 4.3296 - val_loss: 7.5757 - val_mse: 7.5757 - 35s/epoch - 8ms/step
Epoch 213/250
4502/4502 - 34s - loss: 4.3295 - mse: 4.3295 - val_loss: 7.6869 - val_mse: 7.6869 - 34s/epoch - 8ms/step
Epoch 214/250
4502/4502 - 34s - loss: 4.3866 - mse: 4.3866 - val_loss: 7.6674 - val_mse: 7.6674 - 34s/epoch - 8ms/step
Epoch 215/250
4502/4502 - 32s - loss: 4.3976 - mse: 4.3976 - val_loss: 7.7210 - val_mse: 7.7210 - 32s/epoch - 7ms/step
Epoch 216/250
4502/4502 - 33s - loss: 4.3756 - mse: 4.3756 - val_loss: 7.9190 - val_mse: 7.9190 - 33s/epoch - 7ms/step
Epoch 217/250
4502/4502 - 33s - loss: 4.4137 - mse: 4.4137 - val_loss: 7.5717 - val_mse: 7.5717 - 33s/epoch - 7ms/step
Epoch 218/250
4502/4502 - 34s - loss: 4.3976 - mse: 4.3976 - val_loss: 7.5983 - val_mse: 7.5983 - 34s/epoch - 8ms/step
Epoch 219/250
4502/4502 - 36s - loss: 4.3288 - mse: 4.3288 - val_loss: 7.9703 - val_mse: 7.9703 - 36s/epoch - 8ms/step
Epoch 220/250
4502/4502 - 34s - loss: 4.3252 - mse: 4.3252 - val_loss: 9.4654 - val_mse: 9.4654 - 34s/epoch - 8ms/step
Epoch 221/250
4502/4502 - 34s - loss: 4.3846 - mse: 4.3846 - val_loss: 7.9975 - val_mse: 7.9975 - 34s/epoch - 8ms/step
Epoch 222/250
4502/4502 - 33s - loss: 4.3844 - mse: 4.3844 - val_loss: 7.9966 - val_mse: 7.9966 - 33s/epoch - 7ms/step
Epoch 223/250
4502/4502 - 34s - loss: 4.3736 - mse: 4.3736 - val_loss: 8.1538 - val_mse: 8.1538 - 34s/epoch - 8ms/step
Epoch 224/250
4502/4502 - 33s - loss: 4.4016 - mse: 4.4016 - val_loss: 8.5429 - val_mse: 8.5429 - 33s/epoch - 7ms/step
Epoch 225/250
4502/4502 - 35s - loss: 4.3849 - mse: 4.3849 - val_loss: 8.0003 - val_mse: 8.0003 - 35s/epoch - 8ms/step
Epoch 226/250
4502/4502 - 33s - loss: 4.4296 - mse: 4.4296 - val_loss: 8.1943 - val_mse: 8.1943 - 33s/epoch - 7ms/step
Epoch 227/250
4502/4502 - 33s - loss: 4.4010 - mse: 4.4010 - val_loss: 8.4913 - val_mse: 8.4913 - 33s/epoch - 7ms/step
Epoch 228/250
4502/4502 - 34s - loss: 4.3784 - mse: 4.3784 - val_loss: 8.2659 - val_mse: 8.2659 - 34s/epoch - 7ms/step
Epoch 229/250
4502/4502 - 33s - loss: 4.3751 - mse: 4.3751 - val_loss: 8.0691 - val_mse: 8.0691 - 33s/epoch - 7ms/step
Epoch 230/250
4502/4502 - 34s - loss: 4.4196 - mse: 4.4196 - val_loss: 8.1825 - val_mse: 8.1825 - 34s/epoch - 7ms/step
Epoch 231/250
4502/4502 - 33s - loss: 4.4067 - mse: 4.4067 - val_loss: 8.1729 - val_mse: 8.1729 - 33s/epoch - 7ms/step
Epoch 232/250
4502/4502 - 33s - loss: 4.4263 - mse: 4.4263 - val_loss: 7.8024 - val_mse: 7.8024 - 33s/epoch - 7ms/step
Epoch 233/250
4502/4502 - 34s - loss: 4.3990 - mse: 4.3990 - val_loss: 8.2952 - val_mse: 8.2952 - 34s/epoch - 8ms/step
Epoch 234/250
4502/4502 - 35s - loss: 4.3654 - mse: 4.3654 - val_loss: 7.9005 - val_mse: 7.9005 - 35s/epoch - 8ms/step
Epoch 235/250
4502/4502 - 35s - loss: 4.3619 - mse: 4.3619 - val_loss: 8.0819 - val_mse: 8.0819 - 35s/epoch - 8ms/step
Epoch 236/250
4502/4502 - 35s - loss: 4.3717 - mse: 4.3717 - val_loss: 7.9007 - val_mse: 7.9007 - 35s/epoch - 8ms/step
Epoch 237/250
4502/4502 - 34s - loss: 4.3801 - mse: 4.3801 - val_loss: 8.0602 - val_mse: 8.0602 - 34s/epoch - 8ms/step
Epoch 238/250
4502/4502 - 35s - loss: 4.3652 - mse: 4.3652 - val_loss: 7.9627 - val_mse: 7.9627 - 35s/epoch - 8ms/step
Epoch 239/250
4502/4502 - 36s - loss: 4.3527 - mse: 4.3527 - val_loss: 7.9897 - val_mse: 7.9897 - 36s/epoch - 8ms/step
Epoch 240/250
4502/4502 - 35s - loss: 4.3739 - mse: 4.3739 - val_loss: 8.0037 - val_mse: 8.0037 - 35s/epoch - 8ms/step
Epoch 241/250
4502/4502 - 35s - loss: 4.3827 - mse: 4.3827 - val_loss: 7.6322 - val_mse: 7.6322 - 35s/epoch - 8ms/step
Epoch 242/250
4502/4502 - 35s - loss: 4.3791 - mse: 4.3791 - val_loss: 7.7974 - val_mse: 7.7974 - 35s/epoch - 8ms/step
Epoch 243/250
4502/4502 - 34s - loss: 4.4163 - mse: 4.4163 - val_loss: 7.9070 - val_mse: 7.9070 - 34s/epoch - 8ms/step
Epoch 244/250
4502/4502 - 34s - loss: 4.3622 - mse: 4.3622 - val_loss: 7.8622 - val_mse: 7.8622 - 34s/epoch - 8ms/step
Epoch 245/250
4502/4502 - 34s - loss: 4.3678 - mse: 4.3678 - val_loss: 8.5114 - val_mse: 8.5114 - 34s/epoch - 8ms/step
Epoch 246/250
4502/4502 - 34s - loss: 4.3676 - mse: 4.3676 - val_loss: 7.8202 - val_mse: 7.8202 - 34s/epoch - 8ms/step
Epoch 247/250
4502/4502 - 35s - loss: 4.5285 - mse: 4.5285 - val_loss: 8.5489 - val_mse: 8.5489 - 35s/epoch - 8ms/step
Epoch 248/250
4502/4502 - 34s - loss: 4.5425 - mse: 4.5425 - val_loss: 9.6260 - val_mse: 9.6260 - 34s/epoch - 8ms/step
Epoch 249/250
4502/4502 - 34s - loss: 4.5522 - mse: 4.5522 - val_loss: 8.5408 - val_mse: 8.5408 - 34s/epoch - 8ms/step
Epoch 250/250
4502/4502 - 34s - loss: 4.3874 - mse: 4.3874 - val_loss: 7.9949 - val_mse: 7.9949 - 34s/epoch - 8ms/step
