2023-01-06 07:35:07.741747: I tensorflow/core/platform/cpu_feature_guard.cc:151] This TensorFlow binary is optimized with oneAPI Deep Neural Network Library (oneDNN) to use the following CPU instructions in performance-critical operations:  SSE4.1 SSE4.2 AVX AVX2 AVX512F FMA
To enable them in other operations, rebuild TensorFlow with the appropriate compiler flags.
2023-01-06 07:35:08.689608: I tensorflow/core/common_runtime/gpu/gpu_device.cc:1525] Created device /job:localhost/replica:0/task:0/device:GPU:0 with 30965 MB memory:  -> device: 0, name: Tesla V100-PCIE-32GB, pci bus id: 0000:3b:00.0, compute capability: 7.0
2023-01-06 07:35:10.443320: I tensorflow/stream_executor/cuda/cuda_dnn.cc:366] Loaded cuDNN version 8201
2023-01-06 07:35:51.432046: W tensorflow/python/util/util.cc:368] Sets are not currently considered sequences, but this may change in the future, so consider avoiding using them.
Epoch 1/250
3754/3754 - 43s - loss: 6.3397 - mse: 6.3397 - val_loss: 12.0321 - val_mse: 12.0321 - 43s/epoch - 11ms/step
Epoch 2/250
3754/3754 - 30s - loss: 5.1722 - mse: 5.1722 - val_loss: 9.4124 - val_mse: 9.4124 - 30s/epoch - 8ms/step
Epoch 3/250
3754/3754 - 30s - loss: 4.9846 - mse: 4.9846 - val_loss: 9.1202 - val_mse: 9.1202 - 30s/epoch - 8ms/step
Epoch 4/250
3754/3754 - 29s - loss: 4.8063 - mse: 4.8063 - val_loss: 9.6923 - val_mse: 9.6923 - 29s/epoch - 8ms/step
Epoch 5/250
3754/3754 - 29s - loss: 4.7352 - mse: 4.7352 - val_loss: 11.7509 - val_mse: 11.7509 - 29s/epoch - 8ms/step
Epoch 6/250
3754/3754 - 30s - loss: 4.7306 - mse: 4.7306 - val_loss: 8.3604 - val_mse: 8.3604 - 30s/epoch - 8ms/step
Epoch 7/250
3754/3754 - 29s - loss: 4.6335 - mse: 4.6335 - val_loss: 9.6459 - val_mse: 9.6459 - 29s/epoch - 8ms/step
Epoch 8/250
3754/3754 - 29s - loss: 4.6649 - mse: 4.6649 - val_loss: 12.7140 - val_mse: 12.7140 - 29s/epoch - 8ms/step
Epoch 9/250
3754/3754 - 30s - loss: 4.6494 - mse: 4.6494 - val_loss: 7.6810 - val_mse: 7.6810 - 30s/epoch - 8ms/step
Epoch 10/250
3754/3754 - 29s - loss: 4.6730 - mse: 4.6730 - val_loss: 8.3813 - val_mse: 8.3813 - 29s/epoch - 8ms/step
Epoch 11/250
3754/3754 - 29s - loss: 4.6189 - mse: 4.6189 - val_loss: 10.2441 - val_mse: 10.2441 - 29s/epoch - 8ms/step
Epoch 12/250
3754/3754 - 29s - loss: 4.6022 - mse: 4.6022 - val_loss: 9.1627 - val_mse: 9.1627 - 29s/epoch - 8ms/step
Epoch 13/250
3754/3754 - 29s - loss: 4.6115 - mse: 4.6115 - val_loss: 8.5339 - val_mse: 8.5339 - 29s/epoch - 8ms/step
Epoch 14/250
3754/3754 - 29s - loss: 4.5801 - mse: 4.5801 - val_loss: 9.2331 - val_mse: 9.2331 - 29s/epoch - 8ms/step
Epoch 15/250
3754/3754 - 29s - loss: 4.5612 - mse: 4.5612 - val_loss: 8.5304 - val_mse: 8.5304 - 29s/epoch - 8ms/step
Epoch 16/250
3754/3754 - 29s - loss: 4.5726 - mse: 4.5726 - val_loss: 10.0704 - val_mse: 10.0704 - 29s/epoch - 8ms/step
Epoch 17/250
3754/3754 - 29s - loss: 4.5764 - mse: 4.5764 - val_loss: 8.9036 - val_mse: 8.9036 - 29s/epoch - 8ms/step
Epoch 18/250
3754/3754 - 29s - loss: 4.5875 - mse: 4.5875 - val_loss: 8.0766 - val_mse: 8.0766 - 29s/epoch - 8ms/step
Epoch 19/250
3754/3754 - 29s - loss: 4.5791 - mse: 4.5791 - val_loss: 8.0586 - val_mse: 8.0586 - 29s/epoch - 8ms/step
Epoch 20/250
3754/3754 - 29s - loss: 4.5777 - mse: 4.5777 - val_loss: 9.1576 - val_mse: 9.1576 - 29s/epoch - 8ms/step
Epoch 21/250
3754/3754 - 29s - loss: 4.5548 - mse: 4.5548 - val_loss: 9.8493 - val_mse: 9.8493 - 29s/epoch - 8ms/step
Epoch 22/250
3754/3754 - 29s - loss: 4.5547 - mse: 4.5547 - val_loss: 8.0110 - val_mse: 8.0110 - 29s/epoch - 8ms/step
Epoch 23/250
3754/3754 - 29s - loss: 4.5666 - mse: 4.5666 - val_loss: 9.0089 - val_mse: 9.0089 - 29s/epoch - 8ms/step
Epoch 24/250
3754/3754 - 29s - loss: 4.5698 - mse: 4.5698 - val_loss: 9.2940 - val_mse: 9.2940 - 29s/epoch - 8ms/step
Epoch 25/250
3754/3754 - 29s - loss: 4.5261 - mse: 4.5261 - val_loss: 8.4092 - val_mse: 8.4092 - 29s/epoch - 8ms/step
Epoch 26/250
3754/3754 - 29s - loss: 4.5430 - mse: 4.5430 - val_loss: 8.2083 - val_mse: 8.2083 - 29s/epoch - 8ms/step
Epoch 27/250
3754/3754 - 29s - loss: 4.5277 - mse: 4.5277 - val_loss: 8.2676 - val_mse: 8.2676 - 29s/epoch - 8ms/step
Epoch 28/250
3754/3754 - 29s - loss: 4.5434 - mse: 4.5434 - val_loss: 8.2362 - val_mse: 8.2362 - 29s/epoch - 8ms/step
Epoch 29/250
3754/3754 - 29s - loss: 4.5310 - mse: 4.5310 - val_loss: 8.6769 - val_mse: 8.6769 - 29s/epoch - 8ms/step
Epoch 30/250
3754/3754 - 29s - loss: 4.5653 - mse: 4.5653 - val_loss: 7.8266 - val_mse: 7.8266 - 29s/epoch - 8ms/step
Epoch 31/250
3754/3754 - 29s - loss: 4.5302 - mse: 4.5302 - val_loss: 8.5033 - val_mse: 8.5033 - 29s/epoch - 8ms/step
Epoch 32/250
3754/3754 - 29s - loss: 4.4870 - mse: 4.4870 - val_loss: 9.2812 - val_mse: 9.2812 - 29s/epoch - 8ms/step
Epoch 33/250
3754/3754 - 29s - loss: 4.5178 - mse: 4.5178 - val_loss: 9.4234 - val_mse: 9.4234 - 29s/epoch - 8ms/step
Epoch 34/250
3754/3754 - 29s - loss: 4.5192 - mse: 4.5192 - val_loss: 8.3697 - val_mse: 8.3697 - 29s/epoch - 8ms/step
Epoch 35/250
3754/3754 - 29s - loss: 4.4894 - mse: 4.4894 - val_loss: 7.9620 - val_mse: 7.9620 - 29s/epoch - 8ms/step
Epoch 36/250
3754/3754 - 29s - loss: 4.4927 - mse: 4.4927 - val_loss: 9.0622 - val_mse: 9.0622 - 29s/epoch - 8ms/step
Epoch 37/250
3754/3754 - 29s - loss: 4.5243 - mse: 4.5243 - val_loss: 8.9000 - val_mse: 8.9000 - 29s/epoch - 8ms/step
Epoch 38/250
3754/3754 - 29s - loss: 4.4826 - mse: 4.4826 - val_loss: 8.4945 - val_mse: 8.4945 - 29s/epoch - 8ms/step
Epoch 39/250
3754/3754 - 29s - loss: 4.5057 - mse: 4.5057 - val_loss: 9.7132 - val_mse: 9.7132 - 29s/epoch - 8ms/step
Epoch 40/250
3754/3754 - 29s - loss: 4.4867 - mse: 4.4867 - val_loss: 9.6845 - val_mse: 9.6845 - 29s/epoch - 8ms/step
Epoch 41/250
3754/3754 - 29s - loss: 4.5028 - mse: 4.5028 - val_loss: 9.0971 - val_mse: 9.0971 - 29s/epoch - 8ms/step
Epoch 42/250
3754/3754 - 29s - loss: 4.4559 - mse: 4.4559 - val_loss: 8.2390 - val_mse: 8.2390 - 29s/epoch - 8ms/step
Epoch 43/250
3754/3754 - 29s - loss: 4.4852 - mse: 4.4852 - val_loss: 8.6626 - val_mse: 8.6626 - 29s/epoch - 8ms/step
Epoch 44/250
3754/3754 - 29s - loss: 4.4857 - mse: 4.4857 - val_loss: 8.8354 - val_mse: 8.8354 - 29s/epoch - 8ms/step
Epoch 45/250
3754/3754 - 29s - loss: 4.4943 - mse: 4.4943 - val_loss: 9.9098 - val_mse: 9.9098 - 29s/epoch - 8ms/step
Epoch 46/250
3754/3754 - 29s - loss: 4.4702 - mse: 4.4702 - val_loss: 8.5172 - val_mse: 8.5172 - 29s/epoch - 8ms/step
Epoch 47/250
3754/3754 - 29s - loss: 4.4800 - mse: 4.4800 - val_loss: 7.9880 - val_mse: 7.9880 - 29s/epoch - 8ms/step
Epoch 48/250
3754/3754 - 29s - loss: 4.4397 - mse: 4.4397 - val_loss: 8.0168 - val_mse: 8.0168 - 29s/epoch - 8ms/step
Epoch 49/250
3754/3754 - 29s - loss: 4.4838 - mse: 4.4838 - val_loss: 8.3666 - val_mse: 8.3666 - 29s/epoch - 8ms/step
Epoch 50/250
3754/3754 - 29s - loss: 4.4957 - mse: 4.4957 - val_loss: 8.2996 - val_mse: 8.2996 - 29s/epoch - 8ms/step
Epoch 51/250
3754/3754 - 29s - loss: 4.4678 - mse: 4.4678 - val_loss: 9.1619 - val_mse: 9.1619 - 29s/epoch - 8ms/step
Epoch 52/250
3754/3754 - 29s - loss: 4.4880 - mse: 4.4880 - val_loss: 8.1243 - val_mse: 8.1243 - 29s/epoch - 8ms/step
Epoch 53/250
3754/3754 - 29s - loss: 4.5083 - mse: 4.5083 - val_loss: 8.3116 - val_mse: 8.3116 - 29s/epoch - 8ms/step
Epoch 54/250
3754/3754 - 29s - loss: 4.4574 - mse: 4.4574 - val_loss: 7.8529 - val_mse: 7.8529 - 29s/epoch - 8ms/step
Epoch 55/250
3754/3754 - 29s - loss: 4.5025 - mse: 4.5025 - val_loss: 9.1696 - val_mse: 9.1696 - 29s/epoch - 8ms/step
Epoch 56/250
3754/3754 - 29s - loss: 4.4781 - mse: 4.4781 - val_loss: 8.5125 - val_mse: 8.5125 - 29s/epoch - 8ms/step
Epoch 57/250
3754/3754 - 29s - loss: 4.4921 - mse: 4.4921 - val_loss: 8.2194 - val_mse: 8.2194 - 29s/epoch - 8ms/step
Epoch 58/250
3754/3754 - 29s - loss: 4.4942 - mse: 4.4942 - val_loss: 8.3192 - val_mse: 8.3192 - 29s/epoch - 8ms/step
Epoch 59/250
3754/3754 - 29s - loss: 4.4721 - mse: 4.4721 - val_loss: 9.5440 - val_mse: 9.5440 - 29s/epoch - 8ms/step
Epoch 60/250
3754/3754 - 29s - loss: 4.4756 - mse: 4.4756 - val_loss: 8.8103 - val_mse: 8.8103 - 29s/epoch - 8ms/step
Epoch 61/250
3754/3754 - 29s - loss: 4.4753 - mse: 4.4753 - val_loss: 8.1458 - val_mse: 8.1458 - 29s/epoch - 8ms/step
Epoch 62/250
3754/3754 - 29s - loss: 4.4638 - mse: 4.4638 - val_loss: 9.3953 - val_mse: 9.3953 - 29s/epoch - 8ms/step
Epoch 63/250
3754/3754 - 29s - loss: 4.4780 - mse: 4.4780 - val_loss: 8.3191 - val_mse: 8.3191 - 29s/epoch - 8ms/step
Epoch 64/250
3754/3754 - 29s - loss: 4.5041 - mse: 4.5041 - val_loss: 8.4625 - val_mse: 8.4625 - 29s/epoch - 8ms/step
Epoch 65/250
3754/3754 - 29s - loss: 4.4601 - mse: 4.4601 - val_loss: 8.6540 - val_mse: 8.6540 - 29s/epoch - 8ms/step
Epoch 66/250
3754/3754 - 29s - loss: 4.4522 - mse: 4.4522 - val_loss: 8.4318 - val_mse: 8.4318 - 29s/epoch - 8ms/step
Epoch 67/250
3754/3754 - 29s - loss: 4.5015 - mse: 4.5015 - val_loss: 8.5232 - val_mse: 8.5232 - 29s/epoch - 8ms/step
Epoch 68/250
3754/3754 - 29s - loss: 4.4658 - mse: 4.4658 - val_loss: 8.4961 - val_mse: 8.4961 - 29s/epoch - 8ms/step
Epoch 69/250
3754/3754 - 29s - loss: 4.4589 - mse: 4.4589 - val_loss: 8.5420 - val_mse: 8.5420 - 29s/epoch - 8ms/step
Epoch 70/250
3754/3754 - 29s - loss: 4.4946 - mse: 4.4946 - val_loss: 8.5525 - val_mse: 8.5525 - 29s/epoch - 8ms/step
Epoch 71/250
3754/3754 - 29s - loss: 4.4636 - mse: 4.4636 - val_loss: 8.3310 - val_mse: 8.3310 - 29s/epoch - 8ms/step
Epoch 72/250
3754/3754 - 29s - loss: 4.4564 - mse: 4.4564 - val_loss: 7.9406 - val_mse: 7.9406 - 29s/epoch - 8ms/step
Epoch 73/250
3754/3754 - 29s - loss: 4.4555 - mse: 4.4555 - val_loss: 8.8618 - val_mse: 8.8618 - 29s/epoch - 8ms/step
Epoch 74/250
3754/3754 - 29s - loss: 4.4659 - mse: 4.4659 - val_loss: 8.4512 - val_mse: 8.4512 - 29s/epoch - 8ms/step
Epoch 75/250
3754/3754 - 29s - loss: 4.4547 - mse: 4.4547 - val_loss: 7.8181 - val_mse: 7.8181 - 29s/epoch - 8ms/step
Epoch 76/250
3754/3754 - 29s - loss: 4.4644 - mse: 4.4644 - val_loss: 8.2544 - val_mse: 8.2544 - 29s/epoch - 8ms/step
Epoch 77/250
3754/3754 - 29s - loss: 4.4654 - mse: 4.4654 - val_loss: 8.3321 - val_mse: 8.3321 - 29s/epoch - 8ms/step
Epoch 78/250
3754/3754 - 29s - loss: 4.4722 - mse: 4.4722 - val_loss: 8.1612 - val_mse: 8.1612 - 29s/epoch - 8ms/step
Epoch 79/250
3754/3754 - 29s - loss: 4.4688 - mse: 4.4688 - val_loss: 8.8110 - val_mse: 8.8110 - 29s/epoch - 8ms/step
Epoch 80/250
3754/3754 - 29s - loss: 4.4638 - mse: 4.4638 - val_loss: 8.3761 - val_mse: 8.3761 - 29s/epoch - 8ms/step
Epoch 81/250
3754/3754 - 29s - loss: 4.4889 - mse: 4.4889 - val_loss: 8.4771 - val_mse: 8.4771 - 29s/epoch - 8ms/step
Epoch 82/250
3754/3754 - 29s - loss: 4.4635 - mse: 4.4635 - val_loss: 8.2256 - val_mse: 8.2256 - 29s/epoch - 8ms/step
Epoch 83/250
3754/3754 - 29s - loss: 4.4949 - mse: 4.4949 - val_loss: 8.9037 - val_mse: 8.9037 - 29s/epoch - 8ms/step
Epoch 84/250
3754/3754 - 29s - loss: 4.4982 - mse: 4.4982 - val_loss: 8.3006 - val_mse: 8.3006 - 29s/epoch - 8ms/step
Epoch 85/250
3754/3754 - 29s - loss: 4.4416 - mse: 4.4416 - val_loss: 8.8759 - val_mse: 8.8759 - 29s/epoch - 8ms/step
Epoch 86/250
3754/3754 - 29s - loss: 4.4682 - mse: 4.4682 - val_loss: 7.9129 - val_mse: 7.9129 - 29s/epoch - 8ms/step
Epoch 87/250
3754/3754 - 29s - loss: 4.4787 - mse: 4.4787 - val_loss: 8.2476 - val_mse: 8.2476 - 29s/epoch - 8ms/step
Epoch 88/250
3754/3754 - 29s - loss: 4.4776 - mse: 4.4776 - val_loss: 8.4164 - val_mse: 8.4164 - 29s/epoch - 8ms/step
Epoch 89/250
3754/3754 - 29s - loss: 4.4709 - mse: 4.4709 - val_loss: 8.2583 - val_mse: 8.2583 - 29s/epoch - 8ms/step
Epoch 90/250
3754/3754 - 29s - loss: 4.5090 - mse: 4.5090 - val_loss: 7.8290 - val_mse: 7.8290 - 29s/epoch - 8ms/step
Epoch 91/250
3754/3754 - 29s - loss: 4.4624 - mse: 4.4624 - val_loss: 7.9071 - val_mse: 7.9071 - 29s/epoch - 8ms/step
Epoch 92/250
3754/3754 - 30s - loss: 4.4749 - mse: 4.4749 - val_loss: 7.3195 - val_mse: 7.3195 - 30s/epoch - 8ms/step
Epoch 93/250
3754/3754 - 29s - loss: 4.4746 - mse: 4.4746 - val_loss: 7.8181 - val_mse: 7.8181 - 29s/epoch - 8ms/step
Epoch 94/250
3754/3754 - 29s - loss: 4.4879 - mse: 4.4879 - val_loss: 7.7380 - val_mse: 7.7380 - 29s/epoch - 8ms/step
Epoch 95/250
3754/3754 - 29s - loss: 4.4785 - mse: 4.4785 - val_loss: 7.7958 - val_mse: 7.7958 - 29s/epoch - 8ms/step
Epoch 96/250
3754/3754 - 29s - loss: 4.4694 - mse: 4.4694 - val_loss: 8.4087 - val_mse: 8.4087 - 29s/epoch - 8ms/step
Epoch 97/250
3754/3754 - 29s - loss: 4.4497 - mse: 4.4497 - val_loss: 7.8959 - val_mse: 7.8959 - 29s/epoch - 8ms/step
Epoch 98/250
3754/3754 - 29s - loss: 4.4739 - mse: 4.4739 - val_loss: 7.9198 - val_mse: 7.9198 - 29s/epoch - 8ms/step
Epoch 99/250
3754/3754 - 29s - loss: 4.4825 - mse: 4.4825 - val_loss: 8.0296 - val_mse: 8.0296 - 29s/epoch - 8ms/step
Epoch 100/250
3754/3754 - 29s - loss: 4.4598 - mse: 4.4598 - val_loss: 7.8687 - val_mse: 7.8687 - 29s/epoch - 8ms/step
Epoch 101/250
3754/3754 - 29s - loss: 4.4470 - mse: 4.4470 - val_loss: 7.9082 - val_mse: 7.9082 - 29s/epoch - 8ms/step
Epoch 102/250
3754/3754 - 29s - loss: 4.4467 - mse: 4.4467 - val_loss: 8.1837 - val_mse: 8.1837 - 29s/epoch - 8ms/step
Epoch 103/250
3754/3754 - 29s - loss: 4.4562 - mse: 4.4562 - val_loss: 8.0913 - val_mse: 8.0913 - 29s/epoch - 8ms/step
Epoch 104/250
3754/3754 - 29s - loss: 4.4789 - mse: 4.4789 - val_loss: 7.4802 - val_mse: 7.4802 - 29s/epoch - 8ms/step
Epoch 105/250
3754/3754 - 29s - loss: 4.4608 - mse: 4.4608 - val_loss: 8.0800 - val_mse: 8.0800 - 29s/epoch - 8ms/step
Epoch 106/250
3754/3754 - 29s - loss: 4.4503 - mse: 4.4503 - val_loss: 7.7435 - val_mse: 7.7435 - 29s/epoch - 8ms/step
Epoch 107/250
3754/3754 - 29s - loss: 4.4523 - mse: 4.4523 - val_loss: 7.9484 - val_mse: 7.9484 - 29s/epoch - 8ms/step
Epoch 108/250
3754/3754 - 29s - loss: 4.4587 - mse: 4.4587 - val_loss: 7.9684 - val_mse: 7.9684 - 29s/epoch - 8ms/step
Epoch 109/250
3754/3754 - 29s - loss: 4.4448 - mse: 4.4448 - val_loss: 7.5266 - val_mse: 7.5266 - 29s/epoch - 8ms/step
Epoch 110/250
3754/3754 - 29s - loss: 4.4776 - mse: 4.4776 - val_loss: 7.5741 - val_mse: 7.5741 - 29s/epoch - 8ms/step
Epoch 111/250
3754/3754 - 29s - loss: 4.4334 - mse: 4.4334 - val_loss: 7.6162 - val_mse: 7.6162 - 29s/epoch - 8ms/step
Epoch 112/250
3754/3754 - 29s - loss: 4.4319 - mse: 4.4319 - val_loss: 7.5015 - val_mse: 7.5015 - 29s/epoch - 8ms/step
Epoch 113/250
3754/3754 - 29s - loss: 4.4379 - mse: 4.4379 - val_loss: 7.5858 - val_mse: 7.5858 - 29s/epoch - 8ms/step
Epoch 114/250
3754/3754 - 29s - loss: 4.4446 - mse: 4.4446 - val_loss: 7.6339 - val_mse: 7.6339 - 29s/epoch - 8ms/step
Epoch 115/250
3754/3754 - 29s - loss: 4.4486 - mse: 4.4486 - val_loss: 7.6930 - val_mse: 7.6930 - 29s/epoch - 8ms/step
Epoch 116/250
3754/3754 - 29s - loss: 4.4630 - mse: 4.4630 - val_loss: 7.9748 - val_mse: 7.9748 - 29s/epoch - 8ms/step
Epoch 117/250
3754/3754 - 29s - loss: 4.4488 - mse: 4.4488 - val_loss: 8.0177 - val_mse: 8.0177 - 29s/epoch - 8ms/step
Epoch 118/250
3754/3754 - 29s - loss: 4.4400 - mse: 4.4400 - val_loss: 8.0637 - val_mse: 8.0637 - 29s/epoch - 8ms/step
Epoch 119/250
3754/3754 - 29s - loss: 4.4452 - mse: 4.4452 - val_loss: 8.2291 - val_mse: 8.2291 - 29s/epoch - 8ms/step
Epoch 120/250
3754/3754 - 29s - loss: 4.4395 - mse: 4.4395 - val_loss: 7.7603 - val_mse: 7.7603 - 29s/epoch - 8ms/step
Epoch 121/250
3754/3754 - 29s - loss: 4.4566 - mse: 4.4566 - val_loss: 7.6923 - val_mse: 7.6923 - 29s/epoch - 8ms/step
Epoch 122/250
3754/3754 - 29s - loss: 4.4439 - mse: 4.4439 - val_loss: 7.6598 - val_mse: 7.6598 - 29s/epoch - 8ms/step
Epoch 123/250
3754/3754 - 29s - loss: 4.4498 - mse: 4.4498 - val_loss: 7.8097 - val_mse: 7.8097 - 29s/epoch - 8ms/step
Epoch 124/250
3754/3754 - 29s - loss: 4.4466 - mse: 4.4466 - val_loss: 7.8345 - val_mse: 7.8345 - 29s/epoch - 8ms/step
Epoch 125/250
3754/3754 - 29s - loss: 4.4333 - mse: 4.4333 - val_loss: 7.4710 - val_mse: 7.4710 - 29s/epoch - 8ms/step
Epoch 126/250
3754/3754 - 29s - loss: 4.4274 - mse: 4.4274 - val_loss: 7.6126 - val_mse: 7.6126 - 29s/epoch - 8ms/step
Epoch 127/250
3754/3754 - 29s - loss: 4.4294 - mse: 4.4294 - val_loss: 7.3285 - val_mse: 7.3285 - 29s/epoch - 8ms/step
Epoch 128/250
3754/3754 - 30s - loss: 4.4353 - mse: 4.4353 - val_loss: 7.2395 - val_mse: 7.2395 - 30s/epoch - 8ms/step
Epoch 129/250
3754/3754 - 29s - loss: 4.4320 - mse: 4.4320 - val_loss: 7.5620 - val_mse: 7.5620 - 29s/epoch - 8ms/step
Epoch 130/250
3754/3754 - 29s - loss: 4.4283 - mse: 4.4283 - val_loss: 7.4076 - val_mse: 7.4076 - 29s/epoch - 8ms/step
Epoch 131/250
3754/3754 - 29s - loss: 4.4357 - mse: 4.4357 - val_loss: 7.2308 - val_mse: 7.2308 - 29s/epoch - 8ms/step
Epoch 132/250
3754/3754 - 29s - loss: 4.4232 - mse: 4.4232 - val_loss: 7.3889 - val_mse: 7.3889 - 29s/epoch - 8ms/step
Epoch 133/250
3754/3754 - 29s - loss: 4.4232 - mse: 4.4232 - val_loss: 7.2278 - val_mse: 7.2278 - 29s/epoch - 8ms/step
Epoch 134/250
3754/3754 - 29s - loss: 4.4372 - mse: 4.4372 - val_loss: 7.5284 - val_mse: 7.5284 - 29s/epoch - 8ms/step
Epoch 135/250
3754/3754 - 30s - loss: 4.4213 - mse: 4.4213 - val_loss: 7.0246 - val_mse: 7.0246 - 30s/epoch - 8ms/step
Epoch 136/250
3754/3754 - 29s - loss: 4.4342 - mse: 4.4342 - val_loss: 7.6373 - val_mse: 7.6373 - 29s/epoch - 8ms/step
Epoch 137/250
3754/3754 - 29s - loss: 4.4468 - mse: 4.4468 - val_loss: 6.8903 - val_mse: 6.8903 - 29s/epoch - 8ms/step
Epoch 138/250
3754/3754 - 29s - loss: 4.4236 - mse: 4.4236 - val_loss: 7.2241 - val_mse: 7.2241 - 29s/epoch - 8ms/step
Epoch 139/250
3754/3754 - 29s - loss: 4.4310 - mse: 4.4310 - val_loss: 7.3209 - val_mse: 7.3209 - 29s/epoch - 8ms/step
Epoch 140/250
3754/3754 - 29s - loss: 4.4260 - mse: 4.4260 - val_loss: 7.2532 - val_mse: 7.2532 - 29s/epoch - 8ms/step
Epoch 141/250
3754/3754 - 29s - loss: 4.4021 - mse: 4.4021 - val_loss: 7.6683 - val_mse: 7.6683 - 29s/epoch - 8ms/step
Epoch 142/250
3754/3754 - 29s - loss: 4.4197 - mse: 4.4197 - val_loss: 7.3901 - val_mse: 7.3901 - 29s/epoch - 8ms/step
Epoch 143/250
3754/3754 - 29s - loss: 4.4088 - mse: 4.4088 - val_loss: 7.6575 - val_mse: 7.6575 - 29s/epoch - 8ms/step
Epoch 144/250
3754/3754 - 29s - loss: 4.4115 - mse: 4.4115 - val_loss: 7.1910 - val_mse: 7.1910 - 29s/epoch - 8ms/step
Epoch 145/250
3754/3754 - 29s - loss: 4.4125 - mse: 4.4125 - val_loss: 7.4955 - val_mse: 7.4955 - 29s/epoch - 8ms/step
Epoch 146/250
3754/3754 - 29s - loss: 4.4292 - mse: 4.4292 - val_loss: 7.7537 - val_mse: 7.7537 - 29s/epoch - 8ms/step
Epoch 147/250
3754/3754 - 29s - loss: 4.4041 - mse: 4.4041 - val_loss: 7.4999 - val_mse: 7.4999 - 29s/epoch - 8ms/step
Epoch 148/250
3754/3754 - 29s - loss: 4.4147 - mse: 4.4147 - val_loss: 7.6179 - val_mse: 7.6179 - 29s/epoch - 8ms/step
Epoch 149/250
3754/3754 - 29s - loss: 4.3972 - mse: 4.3972 - val_loss: 7.7187 - val_mse: 7.7187 - 29s/epoch - 8ms/step
Epoch 150/250
3754/3754 - 29s - loss: 4.4150 - mse: 4.4150 - val_loss: 7.6402 - val_mse: 7.6402 - 29s/epoch - 8ms/step
Epoch 151/250
3754/3754 - 29s - loss: 4.4125 - mse: 4.4125 - val_loss: 7.3609 - val_mse: 7.3609 - 29s/epoch - 8ms/step
Epoch 152/250
3754/3754 - 28s - loss: 4.4118 - mse: 4.4118 - val_loss: 7.7069 - val_mse: 7.7069 - 28s/epoch - 8ms/step
Epoch 153/250
3754/3754 - 29s - loss: 4.4162 - mse: 4.4162 - val_loss: 7.1912 - val_mse: 7.1912 - 29s/epoch - 8ms/step
Epoch 154/250
3754/3754 - 29s - loss: 4.4133 - mse: 4.4133 - val_loss: 7.2927 - val_mse: 7.2927 - 29s/epoch - 8ms/step
Epoch 155/250
3754/3754 - 29s - loss: 4.4170 - mse: 4.4170 - val_loss: 7.0167 - val_mse: 7.0167 - 29s/epoch - 8ms/step
Epoch 156/250
3754/3754 - 29s - loss: 4.4162 - mse: 4.4162 - val_loss: 7.5634 - val_mse: 7.5634 - 29s/epoch - 8ms/step
Epoch 157/250
3754/3754 - 29s - loss: 4.4072 - mse: 4.4072 - val_loss: 7.3102 - val_mse: 7.3102 - 29s/epoch - 8ms/step
Epoch 158/250
3754/3754 - 29s - loss: 4.4149 - mse: 4.4149 - val_loss: 7.9638 - val_mse: 7.9638 - 29s/epoch - 8ms/step
Epoch 159/250
3754/3754 - 29s - loss: 4.3998 - mse: 4.3998 - val_loss: 7.6823 - val_mse: 7.6823 - 29s/epoch - 8ms/step
Epoch 160/250
3754/3754 - 29s - loss: 4.4195 - mse: 4.4195 - val_loss: 7.5444 - val_mse: 7.5444 - 29s/epoch - 8ms/step
Epoch 161/250
3754/3754 - 29s - loss: 4.4102 - mse: 4.4102 - val_loss: 7.3061 - val_mse: 7.3061 - 29s/epoch - 8ms/step
Epoch 162/250
3754/3754 - 29s - loss: 4.3852 - mse: 4.3852 - val_loss: 7.2940 - val_mse: 7.2940 - 29s/epoch - 8ms/step
Epoch 163/250
3754/3754 - 29s - loss: 4.4203 - mse: 4.4203 - val_loss: 7.4736 - val_mse: 7.4736 - 29s/epoch - 8ms/step
Epoch 164/250
3754/3754 - 29s - loss: 4.3999 - mse: 4.3999 - val_loss: 7.3442 - val_mse: 7.3442 - 29s/epoch - 8ms/step
Epoch 165/250
3754/3754 - 29s - loss: 4.4081 - mse: 4.4081 - val_loss: 7.3986 - val_mse: 7.3986 - 29s/epoch - 8ms/step
Epoch 166/250
3754/3754 - 29s - loss: 4.4040 - mse: 4.4040 - val_loss: 7.8099 - val_mse: 7.8099 - 29s/epoch - 8ms/step
Epoch 167/250
3754/3754 - 29s - loss: 4.4023 - mse: 4.4023 - val_loss: 7.4796 - val_mse: 7.4796 - 29s/epoch - 8ms/step
Epoch 168/250
3754/3754 - 29s - loss: 4.4048 - mse: 4.4048 - val_loss: 6.9304 - val_mse: 6.9304 - 29s/epoch - 8ms/step
Epoch 169/250
3754/3754 - 29s - loss: 4.3864 - mse: 4.3864 - val_loss: 7.2670 - val_mse: 7.2670 - 29s/epoch - 8ms/step
Epoch 170/250
3754/3754 - 29s - loss: 4.4125 - mse: 4.4125 - val_loss: 7.5276 - val_mse: 7.5276 - 29s/epoch - 8ms/step
Epoch 171/250
3754/3754 - 29s - loss: 4.3965 - mse: 4.3965 - val_loss: 7.2791 - val_mse: 7.2791 - 29s/epoch - 8ms/step
Epoch 172/250
3754/3754 - 29s - loss: 4.4083 - mse: 4.4083 - val_loss: 7.1047 - val_mse: 7.1047 - 29s/epoch - 8ms/step
Epoch 173/250
3754/3754 - 29s - loss: 4.4042 - mse: 4.4042 - val_loss: 7.1320 - val_mse: 7.1320 - 29s/epoch - 8ms/step
Epoch 174/250
3754/3754 - 29s - loss: 4.3987 - mse: 4.3987 - val_loss: 7.5637 - val_mse: 7.5637 - 29s/epoch - 8ms/step
Epoch 175/250
3754/3754 - 29s - loss: 4.3919 - mse: 4.3919 - val_loss: 7.2801 - val_mse: 7.2801 - 29s/epoch - 8ms/step
Epoch 176/250
3754/3754 - 29s - loss: 4.4099 - mse: 4.4099 - val_loss: 7.4534 - val_mse: 7.4534 - 29s/epoch - 8ms/step
Epoch 177/250
3754/3754 - 29s - loss: 4.3897 - mse: 4.3897 - val_loss: 7.2286 - val_mse: 7.2286 - 29s/epoch - 8ms/step
Epoch 178/250
3754/3754 - 29s - loss: 4.3988 - mse: 4.3988 - val_loss: 7.2051 - val_mse: 7.2051 - 29s/epoch - 8ms/step
Epoch 179/250
3754/3754 - 29s - loss: 4.4035 - mse: 4.4035 - val_loss: 7.4950 - val_mse: 7.4950 - 29s/epoch - 8ms/step
Epoch 180/250
3754/3754 - 29s - loss: 4.3865 - mse: 4.3865 - val_loss: 7.1217 - val_mse: 7.1217 - 29s/epoch - 8ms/step
Epoch 181/250
3754/3754 - 29s - loss: 4.3973 - mse: 4.3973 - val_loss: 7.7170 - val_mse: 7.7170 - 29s/epoch - 8ms/step
Epoch 182/250
3754/3754 - 29s - loss: 4.4056 - mse: 4.4056 - val_loss: 7.5325 - val_mse: 7.5325 - 29s/epoch - 8ms/step
Epoch 183/250
3754/3754 - 29s - loss: 4.4008 - mse: 4.4008 - val_loss: 7.1398 - val_mse: 7.1398 - 29s/epoch - 8ms/step
Epoch 184/250
3754/3754 - 29s - loss: 4.3969 - mse: 4.3969 - val_loss: 6.9214 - val_mse: 6.9214 - 29s/epoch - 8ms/step
Epoch 185/250
3754/3754 - 29s - loss: 4.4055 - mse: 4.4055 - val_loss: 7.3602 - val_mse: 7.3602 - 29s/epoch - 8ms/step
Epoch 186/250
3754/3754 - 29s - loss: 4.4119 - mse: 4.4119 - val_loss: 7.3011 - val_mse: 7.3011 - 29s/epoch - 8ms/step
Epoch 187/250
3754/3754 - 30s - loss: 4.3832 - mse: 4.3832 - val_loss: 6.8431 - val_mse: 6.8431 - 30s/epoch - 8ms/step
Epoch 188/250
3754/3754 - 29s - loss: 4.3951 - mse: 4.3951 - val_loss: 7.6340 - val_mse: 7.6340 - 29s/epoch - 8ms/step
Epoch 189/250
3754/3754 - 29s - loss: 4.3962 - mse: 4.3962 - val_loss: 7.7182 - val_mse: 7.7182 - 29s/epoch - 8ms/step
Epoch 190/250
3754/3754 - 29s - loss: 4.3945 - mse: 4.3945 - val_loss: 7.8520 - val_mse: 7.8520 - 29s/epoch - 8ms/step
Epoch 191/250
3754/3754 - 29s - loss: 4.3925 - mse: 4.3925 - val_loss: 7.6642 - val_mse: 7.6642 - 29s/epoch - 8ms/step
Epoch 192/250
3754/3754 - 29s - loss: 4.3793 - mse: 4.3793 - val_loss: 7.6194 - val_mse: 7.6194 - 29s/epoch - 8ms/step
Epoch 193/250
3754/3754 - 29s - loss: 4.3979 - mse: 4.3979 - val_loss: 7.5356 - val_mse: 7.5356 - 29s/epoch - 8ms/step
Epoch 194/250
3754/3754 - 29s - loss: 4.3797 - mse: 4.3797 - val_loss: 7.3340 - val_mse: 7.3340 - 29s/epoch - 8ms/step
Epoch 195/250
3754/3754 - 29s - loss: 4.3959 - mse: 4.3959 - val_loss: 8.0501 - val_mse: 8.0501 - 29s/epoch - 8ms/step
Epoch 196/250
3754/3754 - 29s - loss: 4.3955 - mse: 4.3955 - val_loss: 7.5936 - val_mse: 7.5936 - 29s/epoch - 8ms/step
Epoch 197/250
3754/3754 - 29s - loss: 4.3865 - mse: 4.3865 - val_loss: 7.3971 - val_mse: 7.3971 - 29s/epoch - 8ms/step
Epoch 198/250
3754/3754 - 29s - loss: 4.3987 - mse: 4.3987 - val_loss: 7.4310 - val_mse: 7.4310 - 29s/epoch - 8ms/step
Epoch 199/250
3754/3754 - 29s - loss: 4.3913 - mse: 4.3913 - val_loss: 7.6585 - val_mse: 7.6585 - 29s/epoch - 8ms/step
Epoch 200/250
3754/3754 - 29s - loss: 4.3864 - mse: 4.3864 - val_loss: 7.8862 - val_mse: 7.8862 - 29s/epoch - 8ms/step
Epoch 201/250
3754/3754 - 29s - loss: 4.3805 - mse: 4.3805 - val_loss: 7.5026 - val_mse: 7.5026 - 29s/epoch - 8ms/step
Epoch 202/250
3754/3754 - 29s - loss: 4.3940 - mse: 4.3940 - val_loss: 7.2793 - val_mse: 7.2793 - 29s/epoch - 8ms/step
Epoch 203/250
3754/3754 - 29s - loss: 4.3829 - mse: 4.3829 - val_loss: 7.4739 - val_mse: 7.4739 - 29s/epoch - 8ms/step
Epoch 204/250
3754/3754 - 29s - loss: 4.3794 - mse: 4.3794 - val_loss: 7.3207 - val_mse: 7.3207 - 29s/epoch - 8ms/step
Epoch 205/250
3754/3754 - 29s - loss: 4.3684 - mse: 4.3684 - val_loss: 7.4994 - val_mse: 7.4994 - 29s/epoch - 8ms/step
Epoch 206/250
3754/3754 - 29s - loss: 4.3785 - mse: 4.3785 - val_loss: 7.0276 - val_mse: 7.0276 - 29s/epoch - 8ms/step
Epoch 207/250
3754/3754 - 29s - loss: 4.3894 - mse: 4.3894 - val_loss: 7.4659 - val_mse: 7.4659 - 29s/epoch - 8ms/step
Epoch 208/250
3754/3754 - 29s - loss: 4.3864 - mse: 4.3864 - val_loss: 7.4328 - val_mse: 7.4328 - 29s/epoch - 8ms/step
Epoch 209/250
3754/3754 - 29s - loss: 4.3830 - mse: 4.3830 - val_loss: 7.1644 - val_mse: 7.1644 - 29s/epoch - 8ms/step
Epoch 210/250
3754/3754 - 29s - loss: 4.3972 - mse: 4.3972 - val_loss: 7.8948 - val_mse: 7.8948 - 29s/epoch - 8ms/step
Epoch 211/250
3754/3754 - 29s - loss: 4.3821 - mse: 4.3821 - val_loss: 7.4231 - val_mse: 7.4231 - 29s/epoch - 8ms/step
Epoch 212/250
3754/3754 - 29s - loss: 4.3784 - mse: 4.3784 - val_loss: 7.3990 - val_mse: 7.3990 - 29s/epoch - 8ms/step
Epoch 213/250
3754/3754 - 29s - loss: 4.3834 - mse: 4.3834 - val_loss: 7.3127 - val_mse: 7.3127 - 29s/epoch - 8ms/step
Epoch 214/250
3754/3754 - 29s - loss: 4.3765 - mse: 4.3765 - val_loss: 7.0236 - val_mse: 7.0236 - 29s/epoch - 8ms/step
Epoch 215/250
3754/3754 - 29s - loss: 4.3852 - mse: 4.3852 - val_loss: 7.3427 - val_mse: 7.3427 - 29s/epoch - 8ms/step
Epoch 216/250
3754/3754 - 29s - loss: 4.3756 - mse: 4.3756 - val_loss: 7.3935 - val_mse: 7.3935 - 29s/epoch - 8ms/step
Epoch 217/250
3754/3754 - 29s - loss: 4.3831 - mse: 4.3831 - val_loss: 7.2782 - val_mse: 7.2782 - 29s/epoch - 8ms/step
Epoch 218/250
3754/3754 - 29s - loss: 4.3752 - mse: 4.3752 - val_loss: 7.2870 - val_mse: 7.2870 - 29s/epoch - 8ms/step
Epoch 219/250
3754/3754 - 29s - loss: 4.3799 - mse: 4.3799 - val_loss: 7.5250 - val_mse: 7.5250 - 29s/epoch - 8ms/step
Epoch 220/250
3754/3754 - 29s - loss: 4.3872 - mse: 4.3872 - val_loss: 7.7082 - val_mse: 7.7082 - 29s/epoch - 8ms/step
Epoch 221/250
3754/3754 - 29s - loss: 4.3825 - mse: 4.3825 - val_loss: 7.4693 - val_mse: 7.4693 - 29s/epoch - 8ms/step
Epoch 222/250
3754/3754 - 29s - loss: 4.3527 - mse: 4.3527 - val_loss: 7.4999 - val_mse: 7.4999 - 29s/epoch - 8ms/step
Epoch 223/250
3754/3754 - 29s - loss: 4.3794 - mse: 4.3794 - val_loss: 7.4026 - val_mse: 7.4026 - 29s/epoch - 8ms/step
Epoch 224/250
3754/3754 - 29s - loss: 4.3853 - mse: 4.3853 - val_loss: 7.2143 - val_mse: 7.2143 - 29s/epoch - 8ms/step
Epoch 225/250
3754/3754 - 29s - loss: 4.3809 - mse: 4.3809 - val_loss: 6.9153 - val_mse: 6.9153 - 29s/epoch - 8ms/step
Epoch 226/250
3754/3754 - 29s - loss: 4.3683 - mse: 4.3683 - val_loss: 7.3183 - val_mse: 7.3183 - 29s/epoch - 8ms/step
Epoch 227/250
3754/3754 - 29s - loss: 4.3607 - mse: 4.3607 - val_loss: 7.3400 - val_mse: 7.3400 - 29s/epoch - 8ms/step
Epoch 228/250
3754/3754 - 29s - loss: 4.3863 - mse: 4.3863 - val_loss: 7.6584 - val_mse: 7.6584 - 29s/epoch - 8ms/step
Epoch 229/250
3754/3754 - 29s - loss: 4.3837 - mse: 4.3837 - val_loss: 7.1703 - val_mse: 7.1703 - 29s/epoch - 8ms/step
Epoch 230/250
3754/3754 - 29s - loss: 4.3826 - mse: 4.3826 - val_loss: 7.6978 - val_mse: 7.6978 - 29s/epoch - 8ms/step
Epoch 231/250
3754/3754 - 29s - loss: 4.3690 - mse: 4.3690 - val_loss: 7.2737 - val_mse: 7.2737 - 29s/epoch - 8ms/step
Epoch 232/250
3754/3754 - 29s - loss: 4.3684 - mse: 4.3684 - val_loss: 7.2947 - val_mse: 7.2947 - 29s/epoch - 8ms/step
Epoch 233/250
3754/3754 - 29s - loss: 4.3736 - mse: 4.3736 - val_loss: 7.6076 - val_mse: 7.6076 - 29s/epoch - 8ms/step
Epoch 234/250
3754/3754 - 29s - loss: 4.3750 - mse: 4.3750 - val_loss: 7.3995 - val_mse: 7.3995 - 29s/epoch - 8ms/step
Epoch 235/250
3754/3754 - 29s - loss: 4.3689 - mse: 4.3689 - val_loss: 7.1608 - val_mse: 7.1608 - 29s/epoch - 8ms/step
Epoch 236/250
3754/3754 - 29s - loss: 4.4012 - mse: 4.4012 - val_loss: 7.0740 - val_mse: 7.0740 - 29s/epoch - 8ms/step
Epoch 237/250
3754/3754 - 29s - loss: 4.3861 - mse: 4.3861 - val_loss: 7.2126 - val_mse: 7.2126 - 29s/epoch - 8ms/step
Epoch 238/250
3754/3754 - 29s - loss: 4.3832 - mse: 4.3832 - val_loss: 7.3476 - val_mse: 7.3476 - 29s/epoch - 8ms/step
Epoch 239/250
3754/3754 - 29s - loss: 4.3648 - mse: 4.3648 - val_loss: 7.1618 - val_mse: 7.1618 - 29s/epoch - 8ms/step
Epoch 240/250
3754/3754 - 29s - loss: 4.3610 - mse: 4.3610 - val_loss: 7.1040 - val_mse: 7.1040 - 29s/epoch - 8ms/step
Epoch 241/250
3754/3754 - 29s - loss: 4.3711 - mse: 4.3711 - val_loss: 8.0336 - val_mse: 8.0336 - 29s/epoch - 8ms/step
Epoch 242/250
3754/3754 - 29s - loss: 4.3777 - mse: 4.3777 - val_loss: 7.3175 - val_mse: 7.3175 - 29s/epoch - 8ms/step
Epoch 243/250
3754/3754 - 29s - loss: 4.3778 - mse: 4.3778 - val_loss: 7.3264 - val_mse: 7.3264 - 29s/epoch - 8ms/step
Epoch 244/250
3754/3754 - 29s - loss: 4.3720 - mse: 4.3720 - val_loss: 7.0093 - val_mse: 7.0093 - 29s/epoch - 8ms/step
Epoch 245/250
3754/3754 - 29s - loss: 4.3717 - mse: 4.3717 - val_loss: 7.0494 - val_mse: 7.0494 - 29s/epoch - 8ms/step
Epoch 246/250
3754/3754 - 29s - loss: 4.3623 - mse: 4.3623 - val_loss: 7.1770 - val_mse: 7.1770 - 29s/epoch - 8ms/step
Epoch 247/250
3754/3754 - 29s - loss: 4.3751 - mse: 4.3751 - val_loss: 7.1572 - val_mse: 7.1572 - 29s/epoch - 8ms/step
Epoch 248/250
3754/3754 - 29s - loss: 4.3780 - mse: 4.3780 - val_loss: 7.1085 - val_mse: 7.1085 - 29s/epoch - 8ms/step
Epoch 249/250
3754/3754 - 29s - loss: 4.3801 - mse: 4.3801 - val_loss: 7.0638 - val_mse: 7.0638 - 29s/epoch - 8ms/step
Epoch 250/250
3754/3754 - 29s - loss: 4.3634 - mse: 4.3634 - val_loss: 7.2473 - val_mse: 7.2473 - 29s/epoch - 8ms/step
