2023-01-07 06:45:26.463594: I tensorflow/core/platform/cpu_feature_guard.cc:151] This TensorFlow binary is optimized with oneAPI Deep Neural Network Library (oneDNN) to use the following CPU instructions in performance-critical operations:  SSE4.1 SSE4.2 AVX AVX2 AVX512F FMA
To enable them in other operations, rebuild TensorFlow with the appropriate compiler flags.
2023-01-07 06:45:27.406267: I tensorflow/core/common_runtime/gpu/gpu_device.cc:1525] Created device /job:localhost/replica:0/task:0/device:GPU:0 with 30965 MB memory:  -> device: 0, name: Tesla V100-PCIE-32GB, pci bus id: 0000:3b:00.0, compute capability: 7.0
2023-01-07 06:45:29.379256: I tensorflow/stream_executor/cuda/cuda_dnn.cc:366] Loaded cuDNN version 8201
2023-01-07 06:46:26.127656: W tensorflow/python/util/util.cc:368] Sets are not currently considered sequences, but this may change in the future, so consider avoiding using them.
Epoch 1/250
3975/3975 - 58s - loss: 6.1822 - mse: 6.1822 - val_loss: 17.7345 - val_mse: 17.7345 - 58s/epoch - 15ms/step
Epoch 2/250
3975/3975 - 49s - loss: 5.1248 - mse: 5.1248 - val_loss: 10.6601 - val_mse: 10.6601 - 49s/epoch - 12ms/step
Epoch 3/250
3975/3975 - 47s - loss: 4.9219 - mse: 4.9219 - val_loss: 10.1622 - val_mse: 10.1622 - 47s/epoch - 12ms/step
Epoch 4/250
3975/3975 - 47s - loss: 4.7764 - mse: 4.7764 - val_loss: 8.9502 - val_mse: 8.9502 - 47s/epoch - 12ms/step
Epoch 5/250
3975/3975 - 54s - loss: 4.7501 - mse: 4.7501 - val_loss: 11.6121 - val_mse: 11.6121 - 54s/epoch - 14ms/step
Epoch 6/250
3975/3975 - 38s - loss: 4.7030 - mse: 4.7030 - val_loss: 8.1542 - val_mse: 8.1542 - 38s/epoch - 9ms/step
Epoch 7/250
3975/3975 - 44s - loss: 4.6740 - mse: 4.6740 - val_loss: 9.6019 - val_mse: 9.6019 - 44s/epoch - 11ms/step
Epoch 8/250
3975/3975 - 49s - loss: 4.6729 - mse: 4.6729 - val_loss: 7.7372 - val_mse: 7.7372 - 49s/epoch - 12ms/step
Epoch 9/250
3975/3975 - 39s - loss: 4.6524 - mse: 4.6524 - val_loss: 9.6458 - val_mse: 9.6458 - 39s/epoch - 10ms/step
Epoch 10/250
3975/3975 - 45s - loss: 4.6005 - mse: 4.6005 - val_loss: 10.2477 - val_mse: 10.2477 - 45s/epoch - 11ms/step
Epoch 11/250
3975/3975 - 49s - loss: 4.5444 - mse: 4.5444 - val_loss: 8.2222 - val_mse: 8.2222 - 49s/epoch - 12ms/step
Epoch 12/250
3975/3975 - 50s - loss: 4.5510 - mse: 4.5510 - val_loss: 9.9711 - val_mse: 9.9711 - 50s/epoch - 12ms/step
Epoch 13/250
3975/3975 - 41s - loss: 4.5745 - mse: 4.5745 - val_loss: 9.2349 - val_mse: 9.2349 - 41s/epoch - 10ms/step
Epoch 14/250
3975/3975 - 38s - loss: 4.5673 - mse: 4.5673 - val_loss: 9.4012 - val_mse: 9.4012 - 38s/epoch - 9ms/step
Epoch 15/250
3975/3975 - 38s - loss: 4.5239 - mse: 4.5239 - val_loss: 9.1297 - val_mse: 9.1297 - 38s/epoch - 10ms/step
Epoch 16/250
3975/3975 - 50s - loss: 4.5308 - mse: 4.5308 - val_loss: 8.9172 - val_mse: 8.9172 - 50s/epoch - 13ms/step
Epoch 17/250
3975/3975 - 49s - loss: 4.5678 - mse: 4.5678 - val_loss: 8.7639 - val_mse: 8.7639 - 49s/epoch - 12ms/step
Epoch 18/250
3975/3975 - 56s - loss: 4.5248 - mse: 4.5248 - val_loss: 8.1845 - val_mse: 8.1845 - 56s/epoch - 14ms/step
Epoch 19/250
3975/3975 - 45s - loss: 4.5164 - mse: 4.5164 - val_loss: 10.3400 - val_mse: 10.3400 - 45s/epoch - 11ms/step
Epoch 20/250
3975/3975 - 51s - loss: 4.4768 - mse: 4.4768 - val_loss: 8.0960 - val_mse: 8.0960 - 51s/epoch - 13ms/step
Epoch 21/250
3975/3975 - 27s - loss: 4.4849 - mse: 4.4849 - val_loss: 9.1863 - val_mse: 9.1863 - 27s/epoch - 7ms/step
Epoch 22/250
3975/3975 - 36s - loss: 4.4907 - mse: 4.4907 - val_loss: 9.8479 - val_mse: 9.8479 - 36s/epoch - 9ms/step
Epoch 23/250
3975/3975 - 38s - loss: 4.5194 - mse: 4.5194 - val_loss: 8.3750 - val_mse: 8.3750 - 38s/epoch - 10ms/step
Epoch 24/250
3975/3975 - 26s - loss: 4.5416 - mse: 4.5416 - val_loss: 9.1978 - val_mse: 9.1978 - 26s/epoch - 7ms/step
Epoch 25/250
3975/3975 - 54s - loss: 4.5095 - mse: 4.5095 - val_loss: 8.4179 - val_mse: 8.4179 - 54s/epoch - 14ms/step
Epoch 26/250
3975/3975 - 55s - loss: 4.5425 - mse: 4.5425 - val_loss: 8.6717 - val_mse: 8.6717 - 55s/epoch - 14ms/step
Epoch 27/250
3975/3975 - 37s - loss: 4.4667 - mse: 4.4667 - val_loss: 10.0403 - val_mse: 10.0403 - 37s/epoch - 9ms/step
Epoch 28/250
3975/3975 - 46s - loss: 4.4781 - mse: 4.4781 - val_loss: 8.7533 - val_mse: 8.7533 - 46s/epoch - 12ms/step
Epoch 29/250
3975/3975 - 48s - loss: 4.4834 - mse: 4.4834 - val_loss: 8.6127 - val_mse: 8.6127 - 48s/epoch - 12ms/step
Epoch 30/250
3975/3975 - 52s - loss: 4.5260 - mse: 4.5260 - val_loss: 8.1401 - val_mse: 8.1401 - 52s/epoch - 13ms/step
Epoch 31/250
3975/3975 - 50s - loss: 4.4558 - mse: 4.4558 - val_loss: 8.5115 - val_mse: 8.5115 - 50s/epoch - 13ms/step
Epoch 32/250
3975/3975 - 53s - loss: 4.4942 - mse: 4.4942 - val_loss: 7.7179 - val_mse: 7.7179 - 53s/epoch - 13ms/step
Epoch 33/250
3975/3975 - 42s - loss: 4.4745 - mse: 4.4745 - val_loss: 8.4147 - val_mse: 8.4147 - 42s/epoch - 11ms/step
Epoch 34/250
3975/3975 - 30s - loss: 4.4660 - mse: 4.4660 - val_loss: 8.5488 - val_mse: 8.5488 - 30s/epoch - 8ms/step
Epoch 35/250
3975/3975 - 26s - loss: 4.4808 - mse: 4.4808 - val_loss: 8.2890 - val_mse: 8.2890 - 26s/epoch - 7ms/step
Epoch 36/250
3975/3975 - 27s - loss: 4.4644 - mse: 4.4644 - val_loss: 8.2264 - val_mse: 8.2264 - 27s/epoch - 7ms/step
Epoch 37/250
3975/3975 - 29s - loss: 4.4892 - mse: 4.4892 - val_loss: 10.5549 - val_mse: 10.5549 - 29s/epoch - 7ms/step
Epoch 38/250
3975/3975 - 40s - loss: 4.4559 - mse: 4.4559 - val_loss: 9.0581 - val_mse: 9.0581 - 40s/epoch - 10ms/step
Epoch 39/250
3975/3975 - 51s - loss: 4.4899 - mse: 4.4899 - val_loss: 8.2523 - val_mse: 8.2523 - 51s/epoch - 13ms/step
Epoch 40/250
3975/3975 - 51s - loss: 4.4689 - mse: 4.4689 - val_loss: 9.0097 - val_mse: 9.0097 - 51s/epoch - 13ms/step
Epoch 41/250
3975/3975 - 50s - loss: 4.4630 - mse: 4.4630 - val_loss: 9.0213 - val_mse: 9.0213 - 50s/epoch - 12ms/step
Epoch 42/250
3975/3975 - 50s - loss: 4.4451 - mse: 4.4451 - val_loss: 9.6686 - val_mse: 9.6686 - 50s/epoch - 13ms/step
Epoch 43/250
3975/3975 - 53s - loss: 4.4817 - mse: 4.4817 - val_loss: 8.9489 - val_mse: 8.9489 - 53s/epoch - 13ms/step
Epoch 44/250
3975/3975 - 43s - loss: 4.4569 - mse: 4.4569 - val_loss: 8.5150 - val_mse: 8.5150 - 43s/epoch - 11ms/step
Epoch 45/250
3975/3975 - 48s - loss: 4.4545 - mse: 4.4545 - val_loss: 8.5116 - val_mse: 8.5116 - 48s/epoch - 12ms/step
Epoch 46/250
3975/3975 - 39s - loss: 4.4598 - mse: 4.4598 - val_loss: 8.8040 - val_mse: 8.8040 - 39s/epoch - 10ms/step
Epoch 47/250
3975/3975 - 47s - loss: 4.4572 - mse: 4.4572 - val_loss: 7.9573 - val_mse: 7.9573 - 47s/epoch - 12ms/step
Epoch 48/250
3975/3975 - 35s - loss: 4.4964 - mse: 4.4964 - val_loss: 8.3756 - val_mse: 8.3756 - 35s/epoch - 9ms/step
Epoch 49/250
3975/3975 - 29s - loss: 4.4703 - mse: 4.4703 - val_loss: 8.3194 - val_mse: 8.3194 - 29s/epoch - 7ms/step
Epoch 50/250
3975/3975 - 26s - loss: 4.4498 - mse: 4.4498 - val_loss: 9.0927 - val_mse: 9.0927 - 26s/epoch - 7ms/step
Epoch 51/250
3975/3975 - 32s - loss: 4.4525 - mse: 4.4525 - val_loss: 8.5396 - val_mse: 8.5396 - 32s/epoch - 8ms/step
Epoch 52/250
3975/3975 - 49s - loss: 4.4759 - mse: 4.4759 - val_loss: 9.1434 - val_mse: 9.1434 - 49s/epoch - 12ms/step
Epoch 53/250
3975/3975 - 50s - loss: 4.4577 - mse: 4.4577 - val_loss: 8.2664 - val_mse: 8.2664 - 50s/epoch - 12ms/step
Epoch 54/250
3975/3975 - 45s - loss: 4.4572 - mse: 4.4572 - val_loss: 7.8840 - val_mse: 7.8840 - 45s/epoch - 11ms/step
Epoch 55/250
3975/3975 - 40s - loss: 4.4419 - mse: 4.4419 - val_loss: 7.6322 - val_mse: 7.6322 - 40s/epoch - 10ms/step
Epoch 56/250
3975/3975 - 42s - loss: 4.4437 - mse: 4.4437 - val_loss: 8.0799 - val_mse: 8.0799 - 42s/epoch - 10ms/step
Epoch 57/250
3975/3975 - 36s - loss: 4.4605 - mse: 4.4605 - val_loss: 7.7872 - val_mse: 7.7872 - 36s/epoch - 9ms/step
Epoch 58/250
3975/3975 - 47s - loss: 4.4329 - mse: 4.4329 - val_loss: 8.2247 - val_mse: 8.2247 - 47s/epoch - 12ms/step
Epoch 59/250
3975/3975 - 38s - loss: 4.4565 - mse: 4.4565 - val_loss: 7.5814 - val_mse: 7.5814 - 38s/epoch - 9ms/step
Epoch 60/250
3975/3975 - 38s - loss: 4.4496 - mse: 4.4496 - val_loss: 8.0867 - val_mse: 8.0867 - 38s/epoch - 10ms/step
Epoch 61/250
3975/3975 - 50s - loss: 4.4353 - mse: 4.4353 - val_loss: 8.7543 - val_mse: 8.7543 - 50s/epoch - 13ms/step
Epoch 62/250
3975/3975 - 48s - loss: 4.4761 - mse: 4.4761 - val_loss: 9.0939 - val_mse: 9.0939 - 48s/epoch - 12ms/step
Epoch 63/250
3975/3975 - 49s - loss: 4.4217 - mse: 4.4217 - val_loss: 7.7529 - val_mse: 7.7529 - 49s/epoch - 12ms/step
Epoch 64/250
3975/3975 - 40s - loss: 4.4295 - mse: 4.4295 - val_loss: 7.1864 - val_mse: 7.1864 - 40s/epoch - 10ms/step
Epoch 65/250
3975/3975 - 38s - loss: 4.4571 - mse: 4.4571 - val_loss: 7.5277 - val_mse: 7.5277 - 38s/epoch - 10ms/step
Epoch 66/250
3975/3975 - 47s - loss: 4.4523 - mse: 4.4523 - val_loss: 7.7801 - val_mse: 7.7801 - 47s/epoch - 12ms/step
Epoch 67/250
3975/3975 - 47s - loss: 4.4615 - mse: 4.4615 - val_loss: 8.1719 - val_mse: 8.1719 - 47s/epoch - 12ms/step
Epoch 68/250
3975/3975 - 50s - loss: 4.4508 - mse: 4.4508 - val_loss: 8.3664 - val_mse: 8.3664 - 50s/epoch - 13ms/step
Epoch 69/250
3975/3975 - 32s - loss: 4.4421 - mse: 4.4421 - val_loss: 7.7869 - val_mse: 7.7869 - 32s/epoch - 8ms/step
Epoch 70/250
3975/3975 - 26s - loss: 4.4269 - mse: 4.4269 - val_loss: 7.2203 - val_mse: 7.2203 - 26s/epoch - 7ms/step
Epoch 71/250
3975/3975 - 30s - loss: 4.4396 - mse: 4.4396 - val_loss: 8.8944 - val_mse: 8.8944 - 30s/epoch - 7ms/step
Epoch 72/250
3975/3975 - 53s - loss: 4.4319 - mse: 4.4319 - val_loss: 9.0085 - val_mse: 9.0085 - 53s/epoch - 13ms/step
Epoch 73/250
3975/3975 - 53s - loss: 4.4557 - mse: 4.4557 - val_loss: 9.2067 - val_mse: 9.2067 - 53s/epoch - 13ms/step
Epoch 74/250
3975/3975 - 36s - loss: 4.4557 - mse: 4.4557 - val_loss: 8.6747 - val_mse: 8.6747 - 36s/epoch - 9ms/step
Epoch 75/250
3975/3975 - 52s - loss: 4.4387 - mse: 4.4387 - val_loss: 8.8048 - val_mse: 8.8048 - 52s/epoch - 13ms/step
Epoch 76/250
3975/3975 - 46s - loss: 4.4329 - mse: 4.4329 - val_loss: 7.9626 - val_mse: 7.9626 - 46s/epoch - 12ms/step
Epoch 77/250
3975/3975 - 42s - loss: 4.4538 - mse: 4.4538 - val_loss: 8.2026 - val_mse: 8.2026 - 42s/epoch - 11ms/step
Epoch 78/250
3975/3975 - 50s - loss: 4.4276 - mse: 4.4276 - val_loss: 9.0140 - val_mse: 9.0140 - 50s/epoch - 13ms/step
Epoch 79/250
3975/3975 - 48s - loss: 4.4352 - mse: 4.4352 - val_loss: 8.6127 - val_mse: 8.6127 - 48s/epoch - 12ms/step
Epoch 80/250
3975/3975 - 47s - loss: 4.4269 - mse: 4.4269 - val_loss: 8.0900 - val_mse: 8.0900 - 47s/epoch - 12ms/step
Epoch 81/250
3975/3975 - 51s - loss: 4.4481 - mse: 4.4481 - val_loss: 7.9911 - val_mse: 7.9911 - 51s/epoch - 13ms/step
Epoch 82/250
3975/3975 - 43s - loss: 4.4436 - mse: 4.4436 - val_loss: 7.5147 - val_mse: 7.5147 - 43s/epoch - 11ms/step
Epoch 83/250
3975/3975 - 49s - loss: 4.4379 - mse: 4.4379 - val_loss: 8.2481 - val_mse: 8.2481 - 49s/epoch - 12ms/step
Epoch 84/250
3975/3975 - 52s - loss: 4.4234 - mse: 4.4234 - val_loss: 8.2551 - val_mse: 8.2551 - 52s/epoch - 13ms/step
Epoch 85/250
3975/3975 - 45s - loss: 4.4198 - mse: 4.4198 - val_loss: 7.9330 - val_mse: 7.9330 - 45s/epoch - 11ms/step
Epoch 86/250
3975/3975 - 44s - loss: 4.4520 - mse: 4.4520 - val_loss: 7.8923 - val_mse: 7.8923 - 44s/epoch - 11ms/step
Epoch 87/250
3975/3975 - 45s - loss: 4.4270 - mse: 4.4270 - val_loss: 8.7459 - val_mse: 8.7459 - 45s/epoch - 11ms/step
Epoch 88/250
3975/3975 - 42s - loss: 4.4075 - mse: 4.4075 - val_loss: 8.2589 - val_mse: 8.2589 - 42s/epoch - 11ms/step
Epoch 89/250
3975/3975 - 41s - loss: 4.4113 - mse: 4.4113 - val_loss: 8.3284 - val_mse: 8.3284 - 41s/epoch - 10ms/step
Epoch 90/250
3975/3975 - 41s - loss: 4.4042 - mse: 4.4042 - val_loss: 8.2182 - val_mse: 8.2182 - 41s/epoch - 10ms/step
Epoch 91/250
3975/3975 - 45s - loss: 4.4089 - mse: 4.4089 - val_loss: 8.7347 - val_mse: 8.7347 - 45s/epoch - 11ms/step
Epoch 92/250
3975/3975 - 39s - loss: 4.4056 - mse: 4.4056 - val_loss: 7.9214 - val_mse: 7.9214 - 39s/epoch - 10ms/step
Epoch 93/250
3975/3975 - 51s - loss: 4.4072 - mse: 4.4072 - val_loss: 7.4949 - val_mse: 7.4949 - 51s/epoch - 13ms/step
Epoch 94/250
3975/3975 - 47s - loss: 4.4074 - mse: 4.4074 - val_loss: 7.5995 - val_mse: 7.5995 - 47s/epoch - 12ms/step
Epoch 95/250
3975/3975 - 48s - loss: 4.3986 - mse: 4.3986 - val_loss: 7.6962 - val_mse: 7.6962 - 48s/epoch - 12ms/step
Epoch 96/250
3975/3975 - 49s - loss: 4.3970 - mse: 4.3970 - val_loss: 7.8698 - val_mse: 7.8698 - 49s/epoch - 12ms/step
Epoch 97/250
3975/3975 - 48s - loss: 4.3978 - mse: 4.3978 - val_loss: 7.8538 - val_mse: 7.8538 - 48s/epoch - 12ms/step
Epoch 98/250
3975/3975 - 50s - loss: 4.4205 - mse: 4.4205 - val_loss: 7.7680 - val_mse: 7.7680 - 50s/epoch - 13ms/step
Epoch 99/250
3975/3975 - 43s - loss: 4.3990 - mse: 4.3990 - val_loss: 7.5057 - val_mse: 7.5057 - 43s/epoch - 11ms/step
Epoch 100/250
3975/3975 - 45s - loss: 4.4049 - mse: 4.4049 - val_loss: 7.8485 - val_mse: 7.8485 - 45s/epoch - 11ms/step
Epoch 101/250
3975/3975 - 50s - loss: 4.3887 - mse: 4.3887 - val_loss: 7.6389 - val_mse: 7.6389 - 50s/epoch - 13ms/step
Epoch 102/250
3975/3975 - 45s - loss: 4.3752 - mse: 4.3752 - val_loss: 7.5483 - val_mse: 7.5483 - 45s/epoch - 11ms/step
Epoch 103/250
3975/3975 - 41s - loss: 4.3958 - mse: 4.3958 - val_loss: 7.7204 - val_mse: 7.7204 - 41s/epoch - 10ms/step
Epoch 104/250
3975/3975 - 44s - loss: 4.4027 - mse: 4.4027 - val_loss: 7.9067 - val_mse: 7.9067 - 44s/epoch - 11ms/step
Epoch 105/250
3975/3975 - 48s - loss: 4.3945 - mse: 4.3945 - val_loss: 7.5775 - val_mse: 7.5775 - 48s/epoch - 12ms/step
Epoch 106/250
3975/3975 - 42s - loss: 4.3741 - mse: 4.3741 - val_loss: 7.7587 - val_mse: 7.7587 - 42s/epoch - 11ms/step
Epoch 107/250
3975/3975 - 48s - loss: 4.3893 - mse: 4.3893 - val_loss: 7.7303 - val_mse: 7.7303 - 48s/epoch - 12ms/step
Epoch 108/250
3975/3975 - 41s - loss: 4.4040 - mse: 4.4040 - val_loss: 7.9664 - val_mse: 7.9664 - 41s/epoch - 10ms/step
Epoch 109/250
3975/3975 - 51s - loss: 4.3868 - mse: 4.3868 - val_loss: 7.4299 - val_mse: 7.4299 - 51s/epoch - 13ms/step
Epoch 110/250
3975/3975 - 40s - loss: 4.3746 - mse: 4.3746 - val_loss: 8.0269 - val_mse: 8.0269 - 40s/epoch - 10ms/step
Epoch 111/250
3975/3975 - 51s - loss: 4.3902 - mse: 4.3902 - val_loss: 7.6175 - val_mse: 7.6175 - 51s/epoch - 13ms/step
Epoch 112/250
3975/3975 - 46s - loss: 4.3751 - mse: 4.3751 - val_loss: 7.0290 - val_mse: 7.0290 - 46s/epoch - 12ms/step
Epoch 113/250
3975/3975 - 51s - loss: 4.3745 - mse: 4.3745 - val_loss: 7.5063 - val_mse: 7.5063 - 51s/epoch - 13ms/step
Epoch 114/250
3975/3975 - 50s - loss: 4.3892 - mse: 4.3892 - val_loss: 7.4227 - val_mse: 7.4227 - 50s/epoch - 13ms/step
Epoch 115/250
3975/3975 - 45s - loss: 4.3707 - mse: 4.3707 - val_loss: 7.6363 - val_mse: 7.6363 - 45s/epoch - 11ms/step
Epoch 116/250
3975/3975 - 54s - loss: 4.3947 - mse: 4.3947 - val_loss: 8.0851 - val_mse: 8.0851 - 54s/epoch - 14ms/step
Epoch 117/250
3975/3975 - 44s - loss: 4.3671 - mse: 4.3671 - val_loss: 7.8300 - val_mse: 7.8300 - 44s/epoch - 11ms/step
Epoch 118/250
3975/3975 - 44s - loss: 4.3830 - mse: 4.3830 - val_loss: 7.1256 - val_mse: 7.1256 - 44s/epoch - 11ms/step
Epoch 119/250
3975/3975 - 51s - loss: 4.3841 - mse: 4.3841 - val_loss: 7.6952 - val_mse: 7.6952 - 51s/epoch - 13ms/step
Epoch 120/250
3975/3975 - 43s - loss: 4.3912 - mse: 4.3912 - val_loss: 7.9395 - val_mse: 7.9395 - 43s/epoch - 11ms/step
Epoch 121/250
3975/3975 - 48s - loss: 4.3809 - mse: 4.3809 - val_loss: 8.1202 - val_mse: 8.1202 - 48s/epoch - 12ms/step
Epoch 122/250
3975/3975 - 42s - loss: 4.3994 - mse: 4.3994 - val_loss: 8.3857 - val_mse: 8.3857 - 42s/epoch - 11ms/step
Epoch 123/250
3975/3975 - 43s - loss: 4.3722 - mse: 4.3722 - val_loss: 7.7287 - val_mse: 7.7287 - 43s/epoch - 11ms/step
Epoch 124/250
3975/3975 - 48s - loss: 4.3689 - mse: 4.3689 - val_loss: 8.0171 - val_mse: 8.0171 - 48s/epoch - 12ms/step
Epoch 125/250
3975/3975 - 38s - loss: 4.3814 - mse: 4.3814 - val_loss: 8.1677 - val_mse: 8.1677 - 38s/epoch - 9ms/step
Epoch 126/250
3975/3975 - 49s - loss: 4.3863 - mse: 4.3863 - val_loss: 7.7684 - val_mse: 7.7684 - 49s/epoch - 12ms/step
Epoch 127/250
3975/3975 - 50s - loss: 4.3922 - mse: 4.3922 - val_loss: 7.3677 - val_mse: 7.3677 - 50s/epoch - 13ms/step
Epoch 128/250
3975/3975 - 42s - loss: 4.3722 - mse: 4.3722 - val_loss: 7.4598 - val_mse: 7.4598 - 42s/epoch - 10ms/step
Epoch 129/250
3975/3975 - 49s - loss: 4.3790 - mse: 4.3790 - val_loss: 7.4966 - val_mse: 7.4966 - 49s/epoch - 12ms/step
Epoch 130/250
3975/3975 - 47s - loss: 4.3843 - mse: 4.3843 - val_loss: 7.6800 - val_mse: 7.6800 - 47s/epoch - 12ms/step
Epoch 131/250
3975/3975 - 51s - loss: 4.3928 - mse: 4.3928 - val_loss: 7.8835 - val_mse: 7.8835 - 51s/epoch - 13ms/step
Epoch 132/250
3975/3975 - 39s - loss: 4.3777 - mse: 4.3777 - val_loss: 7.9552 - val_mse: 7.9552 - 39s/epoch - 10ms/step
Epoch 133/250
3975/3975 - 47s - loss: 4.3686 - mse: 4.3686 - val_loss: 7.9554 - val_mse: 7.9554 - 47s/epoch - 12ms/step
Epoch 134/250
3975/3975 - 41s - loss: 4.3750 - mse: 4.3750 - val_loss: 7.7017 - val_mse: 7.7017 - 41s/epoch - 10ms/step
Epoch 135/250
3975/3975 - 47s - loss: 4.3787 - mse: 4.3787 - val_loss: 7.4115 - val_mse: 7.4115 - 47s/epoch - 12ms/step
Epoch 136/250
3975/3975 - 36s - loss: 4.3681 - mse: 4.3681 - val_loss: 7.6465 - val_mse: 7.6465 - 36s/epoch - 9ms/step
Epoch 137/250
3975/3975 - 39s - loss: 4.3669 - mse: 4.3669 - val_loss: 7.6429 - val_mse: 7.6429 - 39s/epoch - 10ms/step
Epoch 138/250
3975/3975 - 45s - loss: 4.3708 - mse: 4.3708 - val_loss: 7.4851 - val_mse: 7.4851 - 45s/epoch - 11ms/step
Epoch 139/250
3975/3975 - 52s - loss: 4.3654 - mse: 4.3654 - val_loss: 7.8496 - val_mse: 7.8496 - 52s/epoch - 13ms/step
Epoch 140/250
3975/3975 - 35s - loss: 4.3889 - mse: 4.3889 - val_loss: 8.1699 - val_mse: 8.1699 - 35s/epoch - 9ms/step
Epoch 141/250
3975/3975 - 42s - loss: 4.3753 - mse: 4.3753 - val_loss: 7.8834 - val_mse: 7.8834 - 42s/epoch - 10ms/step
Epoch 142/250
3975/3975 - 36s - loss: 4.3817 - mse: 4.3817 - val_loss: 7.5848 - val_mse: 7.5848 - 36s/epoch - 9ms/step
Epoch 143/250
3975/3975 - 27s - loss: 4.3739 - mse: 4.3739 - val_loss: 7.1449 - val_mse: 7.1449 - 27s/epoch - 7ms/step
Epoch 144/250
3975/3975 - 28s - loss: 4.3833 - mse: 4.3833 - val_loss: 7.6816 - val_mse: 7.6816 - 28s/epoch - 7ms/step
Epoch 145/250
3975/3975 - 42s - loss: 4.3787 - mse: 4.3787 - val_loss: 7.6022 - val_mse: 7.6022 - 42s/epoch - 11ms/step
Epoch 146/250
3975/3975 - 39s - loss: 4.3849 - mse: 4.3849 - val_loss: 7.4652 - val_mse: 7.4652 - 39s/epoch - 10ms/step
Epoch 147/250
3975/3975 - 46s - loss: 4.3740 - mse: 4.3740 - val_loss: 7.6683 - val_mse: 7.6683 - 46s/epoch - 12ms/step
Epoch 148/250
3975/3975 - 49s - loss: 4.3807 - mse: 4.3807 - val_loss: 8.0505 - val_mse: 8.0505 - 49s/epoch - 12ms/step
Epoch 149/250
3975/3975 - 46s - loss: 4.3657 - mse: 4.3657 - val_loss: 7.2264 - val_mse: 7.2264 - 46s/epoch - 12ms/step
Epoch 150/250
3975/3975 - 30s - loss: 4.3611 - mse: 4.3611 - val_loss: 7.4495 - val_mse: 7.4495 - 30s/epoch - 8ms/step
Epoch 151/250
3975/3975 - 47s - loss: 4.3801 - mse: 4.3801 - val_loss: 7.2550 - val_mse: 7.2550 - 47s/epoch - 12ms/step
Epoch 152/250
3975/3975 - 37s - loss: 4.3644 - mse: 4.3644 - val_loss: 7.4142 - val_mse: 7.4142 - 37s/epoch - 9ms/step
Epoch 153/250
3975/3975 - 51s - loss: 4.3800 - mse: 4.3800 - val_loss: 7.3518 - val_mse: 7.3518 - 51s/epoch - 13ms/step
Epoch 154/250
3975/3975 - 53s - loss: 4.3658 - mse: 4.3658 - val_loss: 6.9329 - val_mse: 6.9329 - 53s/epoch - 13ms/step
Epoch 155/250
3975/3975 - 43s - loss: 4.3722 - mse: 4.3722 - val_loss: 6.6490 - val_mse: 6.6490 - 43s/epoch - 11ms/step
Epoch 156/250
3975/3975 - 34s - loss: 4.3681 - mse: 4.3681 - val_loss: 6.7281 - val_mse: 6.7281 - 34s/epoch - 9ms/step
Epoch 157/250
3975/3975 - 35s - loss: 4.3685 - mse: 4.3685 - val_loss: 6.7165 - val_mse: 6.7165 - 35s/epoch - 9ms/step
Epoch 158/250
3975/3975 - 43s - loss: 4.3790 - mse: 4.3790 - val_loss: 7.1897 - val_mse: 7.1897 - 43s/epoch - 11ms/step
Epoch 159/250
3975/3975 - 45s - loss: 4.3932 - mse: 4.3932 - val_loss: 7.1382 - val_mse: 7.1382 - 45s/epoch - 11ms/step
Epoch 160/250
3975/3975 - 28s - loss: 4.3741 - mse: 4.3741 - val_loss: 7.2577 - val_mse: 7.2577 - 28s/epoch - 7ms/step
Epoch 161/250
3975/3975 - 44s - loss: 4.3745 - mse: 4.3745 - val_loss: 7.2026 - val_mse: 7.2026 - 44s/epoch - 11ms/step
Epoch 162/250
3975/3975 - 40s - loss: 4.3851 - mse: 4.3851 - val_loss: 6.7336 - val_mse: 6.7336 - 40s/epoch - 10ms/step
Epoch 163/250
3975/3975 - 51s - loss: 4.3680 - mse: 4.3680 - val_loss: 7.3864 - val_mse: 7.3864 - 51s/epoch - 13ms/step
Epoch 164/250
3975/3975 - 29s - loss: 4.3785 - mse: 4.3785 - val_loss: 7.5061 - val_mse: 7.5061 - 29s/epoch - 7ms/step
Epoch 165/250
3975/3975 - 34s - loss: 4.3714 - mse: 4.3714 - val_loss: 7.5709 - val_mse: 7.5709 - 34s/epoch - 8ms/step
Epoch 166/250
3975/3975 - 47s - loss: 4.3689 - mse: 4.3689 - val_loss: 7.6445 - val_mse: 7.6445 - 47s/epoch - 12ms/step
Epoch 167/250
3975/3975 - 43s - loss: 4.3689 - mse: 4.3689 - val_loss: 7.5409 - val_mse: 7.5409 - 43s/epoch - 11ms/step
Epoch 168/250
3975/3975 - 45s - loss: 4.3700 - mse: 4.3700 - val_loss: 7.1208 - val_mse: 7.1208 - 45s/epoch - 11ms/step
Epoch 169/250
3975/3975 - 28s - loss: 4.3605 - mse: 4.3605 - val_loss: 7.1803 - val_mse: 7.1803 - 28s/epoch - 7ms/step
Epoch 170/250
3975/3975 - 28s - loss: 4.3628 - mse: 4.3628 - val_loss: 7.2342 - val_mse: 7.2342 - 28s/epoch - 7ms/step
Epoch 171/250
3975/3975 - 39s - loss: 4.3685 - mse: 4.3685 - val_loss: 7.0045 - val_mse: 7.0045 - 39s/epoch - 10ms/step
Epoch 172/250
3975/3975 - 45s - loss: 4.3517 - mse: 4.3517 - val_loss: 6.8267 - val_mse: 6.8267 - 45s/epoch - 11ms/step
Epoch 173/250
3975/3975 - 35s - loss: 4.3586 - mse: 4.3586 - val_loss: 6.9324 - val_mse: 6.9324 - 35s/epoch - 9ms/step
Epoch 174/250
3975/3975 - 46s - loss: 4.3607 - mse: 4.3607 - val_loss: 6.9526 - val_mse: 6.9526 - 46s/epoch - 12ms/step
Epoch 175/250
3975/3975 - 43s - loss: 4.3595 - mse: 4.3595 - val_loss: 6.5124 - val_mse: 6.5124 - 43s/epoch - 11ms/step
Epoch 176/250
3975/3975 - 43s - loss: 4.3636 - mse: 4.3636 - val_loss: 6.4303 - val_mse: 6.4303 - 43s/epoch - 11ms/step
Epoch 177/250
3975/3975 - 43s - loss: 4.3560 - mse: 4.3560 - val_loss: 6.6212 - val_mse: 6.6212 - 43s/epoch - 11ms/step
Epoch 178/250
3975/3975 - 47s - loss: 4.3592 - mse: 4.3592 - val_loss: 6.7900 - val_mse: 6.7900 - 47s/epoch - 12ms/step
Epoch 179/250
3975/3975 - 52s - loss: 4.3454 - mse: 4.3454 - val_loss: 6.7462 - val_mse: 6.7462 - 52s/epoch - 13ms/step
Epoch 180/250
3975/3975 - 50s - loss: 4.3166 - mse: 4.3166 - val_loss: 7.2250 - val_mse: 7.2250 - 50s/epoch - 12ms/step
Epoch 181/250
3975/3975 - 36s - loss: 4.3337 - mse: 4.3337 - val_loss: 6.8764 - val_mse: 6.8764 - 36s/epoch - 9ms/step
Epoch 182/250
3975/3975 - 34s - loss: 4.3332 - mse: 4.3332 - val_loss: 7.1100 - val_mse: 7.1100 - 34s/epoch - 8ms/step
Epoch 183/250
3975/3975 - 51s - loss: 4.3227 - mse: 4.3227 - val_loss: 6.9865 - val_mse: 6.9865 - 51s/epoch - 13ms/step
Epoch 184/250
3975/3975 - 46s - loss: 4.3301 - mse: 4.3301 - val_loss: 7.2409 - val_mse: 7.2409 - 46s/epoch - 12ms/step
Epoch 185/250
3975/3975 - 41s - loss: 4.3188 - mse: 4.3188 - val_loss: 7.2480 - val_mse: 7.2480 - 41s/epoch - 10ms/step
Epoch 186/250
3975/3975 - 40s - loss: 4.3222 - mse: 4.3222 - val_loss: 6.7662 - val_mse: 6.7662 - 40s/epoch - 10ms/step
Epoch 187/250
3975/3975 - 44s - loss: 4.3346 - mse: 4.3346 - val_loss: 6.7305 - val_mse: 6.7305 - 44s/epoch - 11ms/step
Epoch 188/250
3975/3975 - 32s - loss: 4.3273 - mse: 4.3273 - val_loss: 6.9310 - val_mse: 6.9310 - 32s/epoch - 8ms/step
Epoch 189/250
3975/3975 - 51s - loss: 4.3169 - mse: 4.3169 - val_loss: 6.8984 - val_mse: 6.8984 - 51s/epoch - 13ms/step
Epoch 190/250
3975/3975 - 48s - loss: 4.3270 - mse: 4.3270 - val_loss: 7.2557 - val_mse: 7.2557 - 48s/epoch - 12ms/step
Epoch 191/250
3975/3975 - 50s - loss: 4.3216 - mse: 4.3216 - val_loss: 6.9159 - val_mse: 6.9159 - 50s/epoch - 13ms/step
Epoch 192/250
3975/3975 - 33s - loss: 4.3327 - mse: 4.3327 - val_loss: 6.4274 - val_mse: 6.4274 - 33s/epoch - 8ms/step
Epoch 193/250
3975/3975 - 48s - loss: 4.3056 - mse: 4.3056 - val_loss: 6.6648 - val_mse: 6.6648 - 48s/epoch - 12ms/step
Epoch 194/250
3975/3975 - 43s - loss: 4.3129 - mse: 4.3129 - val_loss: 6.1948 - val_mse: 6.1948 - 43s/epoch - 11ms/step
Epoch 195/250
3975/3975 - 48s - loss: 4.3196 - mse: 4.3196 - val_loss: 6.9231 - val_mse: 6.9231 - 48s/epoch - 12ms/step
Epoch 196/250
3975/3975 - 48s - loss: 4.3238 - mse: 4.3238 - val_loss: 6.9806 - val_mse: 6.9806 - 48s/epoch - 12ms/step
Epoch 197/250
3975/3975 - 51s - loss: 4.3320 - mse: 4.3320 - val_loss: 6.8733 - val_mse: 6.8733 - 51s/epoch - 13ms/step
Epoch 198/250
3975/3975 - 35s - loss: 4.3224 - mse: 4.3224 - val_loss: 6.6288 - val_mse: 6.6288 - 35s/epoch - 9ms/step
Epoch 199/250
3975/3975 - 29s - loss: 4.3267 - mse: 4.3267 - val_loss: 6.5516 - val_mse: 6.5516 - 29s/epoch - 7ms/step
Epoch 200/250
3975/3975 - 30s - loss: 4.3188 - mse: 4.3188 - val_loss: 6.5287 - val_mse: 6.5287 - 30s/epoch - 8ms/step
Epoch 201/250
3975/3975 - 51s - loss: 4.3110 - mse: 4.3110 - val_loss: 6.0317 - val_mse: 6.0317 - 51s/epoch - 13ms/step
Epoch 202/250
3975/3975 - 30s - loss: 4.3037 - mse: 4.3037 - val_loss: 6.5114 - val_mse: 6.5114 - 30s/epoch - 8ms/step
Epoch 203/250
3975/3975 - 26s - loss: 4.3140 - mse: 4.3140 - val_loss: 6.8799 - val_mse: 6.8799 - 26s/epoch - 7ms/step
Epoch 204/250
3975/3975 - 38s - loss: 4.3255 - mse: 4.3255 - val_loss: 7.4817 - val_mse: 7.4817 - 38s/epoch - 10ms/step
Epoch 205/250
3975/3975 - 44s - loss: 4.3074 - mse: 4.3074 - val_loss: 6.9145 - val_mse: 6.9145 - 44s/epoch - 11ms/step
Epoch 206/250
3975/3975 - 43s - loss: 4.3152 - mse: 4.3152 - val_loss: 6.7049 - val_mse: 6.7049 - 43s/epoch - 11ms/step
Epoch 207/250
3975/3975 - 47s - loss: 4.3119 - mse: 4.3119 - val_loss: 6.3500 - val_mse: 6.3500 - 47s/epoch - 12ms/step
Epoch 208/250
3975/3975 - 44s - loss: 4.3112 - mse: 4.3112 - val_loss: 6.6225 - val_mse: 6.6225 - 44s/epoch - 11ms/step
Epoch 209/250
3975/3975 - 40s - loss: 4.3254 - mse: 4.3254 - val_loss: 6.5313 - val_mse: 6.5313 - 40s/epoch - 10ms/step
Epoch 210/250
3975/3975 - 45s - loss: 4.3135 - mse: 4.3135 - val_loss: 6.4480 - val_mse: 6.4480 - 45s/epoch - 11ms/step
Epoch 211/250
3975/3975 - 43s - loss: 4.3196 - mse: 4.3196 - val_loss: 6.2563 - val_mse: 6.2563 - 43s/epoch - 11ms/step
Epoch 212/250
3975/3975 - 49s - loss: 4.3120 - mse: 4.3120 - val_loss: 6.6983 - val_mse: 6.6983 - 49s/epoch - 12ms/step
Epoch 213/250
3975/3975 - 48s - loss: 4.3061 - mse: 4.3061 - val_loss: 6.7517 - val_mse: 6.7517 - 48s/epoch - 12ms/step
Epoch 214/250
3975/3975 - 28s - loss: 4.3153 - mse: 4.3153 - val_loss: 6.3427 - val_mse: 6.3427 - 28s/epoch - 7ms/step
Epoch 215/250
3975/3975 - 40s - loss: 4.3201 - mse: 4.3201 - val_loss: 6.3575 - val_mse: 6.3575 - 40s/epoch - 10ms/step
Epoch 216/250
3975/3975 - 48s - loss: 4.3052 - mse: 4.3052 - val_loss: 6.9401 - val_mse: 6.9401 - 48s/epoch - 12ms/step
Epoch 217/250
3975/3975 - 43s - loss: 4.2939 - mse: 4.2939 - val_loss: 7.3825 - val_mse: 7.3825 - 43s/epoch - 11ms/step
Epoch 218/250
3975/3975 - 53s - loss: 4.3032 - mse: 4.3032 - val_loss: 6.3537 - val_mse: 6.3537 - 53s/epoch - 13ms/step
Epoch 219/250
3975/3975 - 39s - loss: 4.3153 - mse: 4.3153 - val_loss: 9.9693 - val_mse: 9.9693 - 39s/epoch - 10ms/step
Epoch 220/250
3975/3975 - 38s - loss: 4.3221 - mse: 4.3221 - val_loss: 6.7263 - val_mse: 6.7263 - 38s/epoch - 9ms/step
Epoch 221/250
3975/3975 - 46s - loss: 4.3094 - mse: 4.3094 - val_loss: 6.9069 - val_mse: 6.9069 - 46s/epoch - 12ms/step
Epoch 222/250
3975/3975 - 46s - loss: 4.2983 - mse: 4.2983 - val_loss: 6.0865 - val_mse: 6.0865 - 46s/epoch - 12ms/step
Epoch 223/250
3975/3975 - 40s - loss: 4.3151 - mse: 4.3151 - val_loss: 6.3344 - val_mse: 6.3344 - 40s/epoch - 10ms/step
Epoch 224/250
3975/3975 - 48s - loss: 4.3131 - mse: 4.3131 - val_loss: 5.6737 - val_mse: 5.6737 - 48s/epoch - 12ms/step
Epoch 225/250
3975/3975 - 48s - loss: 4.3194 - mse: 4.3194 - val_loss: 6.0906 - val_mse: 6.0906 - 48s/epoch - 12ms/step
Epoch 226/250
3975/3975 - 51s - loss: 4.3012 - mse: 4.3012 - val_loss: 6.1906 - val_mse: 6.1906 - 51s/epoch - 13ms/step
Epoch 227/250
3975/3975 - 51s - loss: 4.3262 - mse: 4.3262 - val_loss: 5.6734 - val_mse: 5.6734 - 51s/epoch - 13ms/step
Epoch 228/250
3975/3975 - 37s - loss: 4.2995 - mse: 4.2995 - val_loss: 6.2515 - val_mse: 6.2515 - 37s/epoch - 9ms/step
Epoch 229/250
3975/3975 - 30s - loss: 4.3135 - mse: 4.3135 - val_loss: 6.3025 - val_mse: 6.3025 - 30s/epoch - 8ms/step
Epoch 230/250
3975/3975 - 27s - loss: 4.2945 - mse: 4.2945 - val_loss: 6.2615 - val_mse: 6.2615 - 27s/epoch - 7ms/step
Epoch 231/250
3975/3975 - 42s - loss: 4.3610 - mse: 4.3610 - val_loss: 6.0212 - val_mse: 6.0212 - 42s/epoch - 10ms/step
Epoch 232/250
3975/3975 - 36s - loss: 4.3110 - mse: 4.3110 - val_loss: 6.1284 - val_mse: 6.1284 - 36s/epoch - 9ms/step
Epoch 233/250
3975/3975 - 37s - loss: 4.2955 - mse: 4.2955 - val_loss: 6.1691 - val_mse: 6.1691 - 37s/epoch - 9ms/step
Epoch 234/250
3975/3975 - 43s - loss: 4.2992 - mse: 4.2992 - val_loss: 6.0871 - val_mse: 6.0871 - 43s/epoch - 11ms/step
Epoch 235/250
3975/3975 - 42s - loss: 4.3204 - mse: 4.3204 - val_loss: 5.6818 - val_mse: 5.6818 - 42s/epoch - 11ms/step
Epoch 236/250
3975/3975 - 49s - loss: 4.3149 - mse: 4.3149 - val_loss: 6.5061 - val_mse: 6.5061 - 49s/epoch - 12ms/step
Epoch 237/250
3975/3975 - 41s - loss: 4.3033 - mse: 4.3033 - val_loss: 6.9314 - val_mse: 6.9314 - 41s/epoch - 10ms/step
Epoch 238/250
3975/3975 - 47s - loss: 4.3161 - mse: 4.3161 - val_loss: 6.2695 - val_mse: 6.2695 - 47s/epoch - 12ms/step
Epoch 239/250
3975/3975 - 50s - loss: 4.3061 - mse: 4.3061 - val_loss: 6.0341 - val_mse: 6.0341 - 50s/epoch - 12ms/step
Epoch 240/250
3975/3975 - 46s - loss: 4.2879 - mse: 4.2879 - val_loss: 6.0522 - val_mse: 6.0522 - 46s/epoch - 11ms/step
Epoch 241/250
3975/3975 - 48s - loss: 4.2999 - mse: 4.2999 - val_loss: 6.4564 - val_mse: 6.4564 - 48s/epoch - 12ms/step
Epoch 242/250
3975/3975 - 44s - loss: 4.3098 - mse: 4.3098 - val_loss: 6.5480 - val_mse: 6.5480 - 44s/epoch - 11ms/step
Epoch 243/250
3975/3975 - 42s - loss: 4.3089 - mse: 4.3089 - val_loss: 6.1896 - val_mse: 6.1896 - 42s/epoch - 10ms/step
Epoch 244/250
3975/3975 - 45s - loss: 4.3087 - mse: 4.3087 - val_loss: 6.6320 - val_mse: 6.6320 - 45s/epoch - 11ms/step
Epoch 245/250
3975/3975 - 39s - loss: 4.3011 - mse: 4.3011 - val_loss: 6.2878 - val_mse: 6.2878 - 39s/epoch - 10ms/step
Epoch 246/250
3975/3975 - 48s - loss: 4.3079 - mse: 4.3079 - val_loss: 5.9473 - val_mse: 5.9473 - 48s/epoch - 12ms/step
Epoch 247/250
3975/3975 - 44s - loss: 4.2981 - mse: 4.2981 - val_loss: 6.1113 - val_mse: 6.1113 - 44s/epoch - 11ms/step
Epoch 248/250
3975/3975 - 38s - loss: 4.3102 - mse: 4.3102 - val_loss: 6.1062 - val_mse: 6.1062 - 38s/epoch - 10ms/step
Epoch 249/250
3975/3975 - 42s - loss: 4.3078 - mse: 4.3078 - val_loss: 5.6935 - val_mse: 5.6935 - 42s/epoch - 11ms/step
slurmstepd: error: *** JOB 1380554 ON c1615 CANCELLED AT 2023-01-07T09:45:17 DUE TO TIME LIMIT ***
